::1 - - [22/May/2019:01:35:27 +0000] "GET / HTTP/1.1" 200 10939 "-" "Mozilla/5.0 (Macintosh; Intel Mac OS X 10_14_1) AppleWebKit/537.36 (KHTML, like Gecko) Chrome/74.0.3729.157 Safari/537.36"
::1 - - [22/May/2019:01:35:27 +0000] "GET /js/uikit.min.js HTTP/1.1" 200 54203 "http://localhost:3001/" "Mozilla/5.0 (Macintosh; Intel Mac OS X 10_14_1) AppleWebKit/537.36 (KHTML, like Gecko) Chrome/74.0.3729.157 Safari/537.36"
::1 - - [22/May/2019:01:35:27 +0000] "GET /css/docs.css HTTP/1.1" 304 - "http://localhost:3001/" "Mozilla/5.0 (Macintosh; Intel Mac OS X 10_14_1) AppleWebKit/537.36 (KHTML, like Gecko) Chrome/74.0.3729.157 Safari/537.36"
::1 - - [22/May/2019:01:35:27 +0000] "GET /css/uikit.almost-flat.min.css HTTP/1.1" 200 106217 "http://localhost:3001/" "Mozilla/5.0 (Macintosh; Intel Mac OS X 10_14_1) AppleWebKit/537.36 (KHTML, like Gecko) Chrome/74.0.3729.157 Safari/537.36"
::1 - - [22/May/2019:01:35:27 +0000] "GET /css/uikit.min.css HTTP/1.1" 200 100007 "http://localhost:3001/" "Mozilla/5.0 (Macintosh; Intel Mac OS X 10_14_1) AppleWebKit/537.36 (KHTML, like Gecko) Chrome/74.0.3729.157 Safari/537.36"
::1 - - [22/May/2019:01:35:27 +0000] "GET /css/currency.css HTTP/1.1" 304 - "http://localhost:3001/" "Mozilla/5.0 (Macintosh; Intel Mac OS X 10_14_1) AppleWebKit/537.36 (KHTML, like Gecko) Chrome/74.0.3729.157 Safari/537.36"
::1 - - [22/May/2019:01:35:27 +0000] "GET /css/login.css HTTP/1.1" 304 - "http://localhost:3001/" "Mozilla/5.0 (Macintosh; Intel Mac OS X 10_14_1) AppleWebKit/537.36 (KHTML, like Gecko) Chrome/74.0.3729.157 Safari/537.36"
::1 - - [22/May/2019:01:35:27 +0000] "GET /css/components/notify.css HTTP/1.1" 304 - "http://localhost:3001/" "Mozilla/5.0 (Macintosh; Intel Mac OS X 10_14_1) AppleWebKit/537.36 (KHTML, like Gecko) Chrome/74.0.3729.157 Safari/537.36"
::1 - - [22/May/2019:01:35:27 +0000] "GET /js/components/notify.js HTTP/1.1" 304 - "http://localhost:3001/" "Mozilla/5.0 (Macintosh; Intel Mac OS X 10_14_1) AppleWebKit/537.36 (KHTML, like Gecko) Chrome/74.0.3729.157 Safari/537.36"
::1 - - [22/May/2019:01:35:27 +0000] "GET /css/uikit.gradient.min.css HTTP/1.1" 200 109063 "http://localhost:3001/" "Mozilla/5.0 (Macintosh; Intel Mac OS X 10_14_1) AppleWebKit/537.36 (KHTML, like Gecko) Chrome/74.0.3729.157 Safari/537.36"
::1 - - [22/May/2019:01:35:27 +0000] "GET /javascripts/ajax.js HTTP/1.1" 304 - "http://localhost:3001/" "Mozilla/5.0 (Macintosh; Intel Mac OS X 10_14_1) AppleWebKit/537.36 (KHTML, like Gecko) Chrome/74.0.3729.157 Safari/537.36"
::1 - - [22/May/2019:01:35:27 +0000] "GET /javascripts/vue-resource.js HTTP/1.1" 200 38696 "http://localhost:3001/" "Mozilla/5.0 (Macintosh; Intel Mac OS X 10_14_1) AppleWebKit/537.36 (KHTML, like Gecko) Chrome/74.0.3729.157 Safari/537.36"
::1 - - [22/May/2019:01:35:27 +0000] "GET /javascripts/vue.js HTTP/1.1" 200 76315 "http://localhost:3001/" "Mozilla/5.0 (Macintosh; Intel Mac OS X 10_14_1) AppleWebKit/537.36 (KHTML, like Gecko) Chrome/74.0.3729.157 Safari/537.36"
::1 - - [22/May/2019:01:35:27 +0000] "GET /lixian.manifest HTTP/1.1" 200 2323 "-" "Mozilla/5.0 (Macintosh; Intel Mac OS X 10_14_1) AppleWebKit/537.36 (KHTML, like Gecko) Chrome/74.0.3729.157 Safari/537.36"
::1 - - [22/May/2019:01:35:27 +0000] "GET /FALLBACK HTTP/1.1" 404 1348 "-" "Mozilla/5.0 (Macintosh; Intel Mac OS X 10_14_1) AppleWebKit/537.36 (KHTML, like Gecko) Chrome/74.0.3729.157 Safari/537.36"
::1 - - [22/May/2019:01:35:27 +0000] "GET / HTTP/1.1" 304 - "-" "Mozilla/5.0 (Macintosh; Intel Mac OS X 10_14_1) AppleWebKit/537.36 (KHTML, like Gecko) Chrome/74.0.3729.157 Safari/537.36"
::1 - - [22/May/2019:01:35:27 +0000] "GET /guanwang/static/img/yixiang.c394316.png HTTP/1.1" - - "-" "Mozilla/5.0 (Macintosh; Intel Mac OS X 10_14_1) AppleWebKit/537.36 (KHTML, like Gecko) Chrome/74.0.3729.157 Safari/537.36"
::1 - - [22/May/2019:01:35:27 +0000] "GET /js/jquery.js HTTP/1.1" 200 244963 "http://localhost:3001/" "Mozilla/5.0 (Macintosh; Intel Mac OS X 10_14_1) AppleWebKit/537.36 (KHTML, like Gecko) Chrome/74.0.3729.157 Safari/537.36"
::1 - - [22/May/2019:01:35:27 +0000] "GET /images/loginWrap.png HTTP/1.1" 304 - "http://localhost:3001/css/login.css" "Mozilla/5.0 (Macintosh; Intel Mac OS X 10_14_1) AppleWebKit/537.36 (KHTML, like Gecko) Chrome/74.0.3729.157 Safari/537.36"
::1 - - [22/May/2019:01:35:27 +0000] "GET /images/login-bg.png HTTP/1.1" 200 327350 "http://localhost:3001/css/login.css" "Mozilla/5.0 (Macintosh; Intel Mac OS X 10_14_1) AppleWebKit/537.36 (KHTML, like Gecko) Chrome/74.0.3729.157 Safari/537.36"
::1 - - [22/May/2019:01:35:32 +0000] "GET /control HTTP/1.1" 200 15515 "-" "Mozilla/5.0 (Macintosh; Intel Mac OS X 10_14_1) AppleWebKit/537.36 (KHTML, like Gecko) Chrome/74.0.3729.157 Safari/537.36"
::1 - - [22/May/2019:01:35:32 +0000] "GET /css/uikit.gradient.min.css HTTP/1.1" 304 - "http://localhost:3001/control" "Mozilla/5.0 (Macintosh; Intel Mac OS X 10_14_1) AppleWebKit/537.36 (KHTML, like Gecko) Chrome/74.0.3729.157 Safari/537.36"
::1 - - [22/May/2019:01:35:32 +0000] "GET /css/currency.css HTTP/1.1" 304 - "http://localhost:3001/control" "Mozilla/5.0 (Macintosh; Intel Mac OS X 10_14_1) AppleWebKit/537.36 (KHTML, like Gecko) Chrome/74.0.3729.157 Safari/537.36"
::1 - - [22/May/2019:01:35:32 +0000] "GET /css/docs.css HTTP/1.1" 304 - "http://localhost:3001/control" "Mozilla/5.0 (Macintosh; Intel Mac OS X 10_14_1) AppleWebKit/537.36 (KHTML, like Gecko) Chrome/74.0.3729.157 Safari/537.36"
::1 - - [22/May/2019:01:35:32 +0000] "GET /css/components/notify.css HTTP/1.1" 304 - "http://localhost:3001/control" "Mozilla/5.0 (Macintosh; Intel Mac OS X 10_14_1) AppleWebKit/537.36 (KHTML, like Gecko) Chrome/74.0.3729.157 Safari/537.36"
::1 - - [22/May/2019:01:35:32 +0000] "GET /css/login.css HTTP/1.1" 304 - "http://localhost:3001/control" "Mozilla/5.0 (Macintosh; Intel Mac OS X 10_14_1) AppleWebKit/537.36 (KHTML, like Gecko) Chrome/74.0.3729.157 Safari/537.36"
::1 - - [22/May/2019:01:35:32 +0000] "GET /js/jquery.js HTTP/1.1" 304 - "http://localhost:3001/control" "Mozilla/5.0 (Macintosh; Intel Mac OS X 10_14_1) AppleWebKit/537.36 (KHTML, like Gecko) Chrome/74.0.3729.157 Safari/537.36"
::1 - - [22/May/2019:01:35:32 +0000] "GET /js/uikit.min.js HTTP/1.1" 304 - "http://localhost:3001/control" "Mozilla/5.0 (Macintosh; Intel Mac OS X 10_14_1) AppleWebKit/537.36 (KHTML, like Gecko) Chrome/74.0.3729.157 Safari/537.36"
::1 - - [22/May/2019:01:35:32 +0000] "GET /css/uikit.min.css HTTP/1.1" 304 - "http://localhost:3001/control" "Mozilla/5.0 (Macintosh; Intel Mac OS X 10_14_1) AppleWebKit/537.36 (KHTML, like Gecko) Chrome/74.0.3729.157 Safari/537.36"
::1 - - [22/May/2019:01:35:33 +0000] "GET /css/uikit.almost-flat.min.css HTTP/1.1" 304 - "http://localhost:3001/control" "Mozilla/5.0 (Macintosh; Intel Mac OS X 10_14_1) AppleWebKit/537.36 (KHTML, like Gecko) Chrome/74.0.3729.157 Safari/537.36"
::1 - - [22/May/2019:01:35:33 +0000] "GET /js/components/notify.js HTTP/1.1" 304 - "http://localhost:3001/control" "Mozilla/5.0 (Macintosh; Intel Mac OS X 10_14_1) AppleWebKit/537.36 (KHTML, like Gecko) Chrome/74.0.3729.157 Safari/537.36"
::1 - - [22/May/2019:01:35:33 +0000] "GET /javascripts/vue-resource.js HTTP/1.1" 304 - "http://localhost:3001/control" "Mozilla/5.0 (Macintosh; Intel Mac OS X 10_14_1) AppleWebKit/537.36 (KHTML, like Gecko) Chrome/74.0.3729.157 Safari/537.36"
::1 - - [22/May/2019:01:35:33 +0000] "GET /javascripts/vue.js HTTP/1.1" 304 - "http://localhost:3001/control" "Mozilla/5.0 (Macintosh; Intel Mac OS X 10_14_1) AppleWebKit/537.36 (KHTML, like Gecko) Chrome/74.0.3729.157 Safari/537.36"
::1 - - [22/May/2019:01:35:33 +0000] "GET /js/jquery.js HTTP/1.1" 304 - "http://localhost:3001/control" "Mozilla/5.0 (Macintosh; Intel Mac OS X 10_14_1) AppleWebKit/537.36 (KHTML, like Gecko) Chrome/74.0.3729.157 Safari/537.36"
::1 - - [22/May/2019:01:35:33 +0000] "GET /js/uikit.min.js HTTP/1.1" 304 - "http://localhost:3001/control" "Mozilla/5.0 (Macintosh; Intel Mac OS X 10_14_1) AppleWebKit/537.36 (KHTML, like Gecko) Chrome/74.0.3729.157 Safari/537.36"
::1 - - [22/May/2019:01:35:33 +0000] "GET /js/components/notify.js HTTP/1.1" 304 - "http://localhost:3001/control" "Mozilla/5.0 (Macintosh; Intel Mac OS X 10_14_1) AppleWebKit/537.36 (KHTML, like Gecko) Chrome/74.0.3729.157 Safari/537.36"
::1 - - [22/May/2019:01:35:33 +0000] "GET /javascripts/vue.js HTTP/1.1" 304 - "http://localhost:3001/control" "Mozilla/5.0 (Macintosh; Intel Mac OS X 10_14_1) AppleWebKit/537.36 (KHTML, like Gecko) Chrome/74.0.3729.157 Safari/537.36"
::1 - - [22/May/2019:01:35:33 +0000] "GET /javascripts/vue-resource.js HTTP/1.1" 304 - "http://localhost:3001/control" "Mozilla/5.0 (Macintosh; Intel Mac OS X 10_14_1) AppleWebKit/537.36 (KHTML, like Gecko) Chrome/74.0.3729.157 Safari/537.36"
::1 - - [22/May/2019:01:35:33 +0000] "GET /fonts/fontawesome-webfont.woff2 HTTP/1.1" 200 66624 "http://localhost:3001/css/uikit.min.css" "Mozilla/5.0 (Macintosh; Intel Mac OS X 10_14_1) AppleWebKit/537.36 (KHTML, like Gecko) Chrome/74.0.3729.157 Safari/537.36"
::1 - - [22/May/2019:01:35:33 +0000] "POST /seachAmount HTTP/1.1" 200 46 "http://localhost:3001/control" "Mozilla/5.0 (Macintosh; Intel Mac OS X 10_14_1) AppleWebKit/537.36 (KHTML, like Gecko) Chrome/74.0.3729.157 Safari/537.36"
::1 - - [22/May/2019:01:35:33 +0000] "POST /getYesterdayBuyList HTTP/1.1" 200 12 "http://localhost:3001/control" "Mozilla/5.0 (Macintosh; Intel Mac OS X 10_14_1) AppleWebKit/537.36 (KHTML, like Gecko) Chrome/74.0.3729.157 Safari/537.36"
::1 - - [22/May/2019:01:35:33 +0000] "POST /holdPositions HTTP/1.1" 200 12 "http://localhost:3001/control" "Mozilla/5.0 (Macintosh; Intel Mac OS X 10_14_1) AppleWebKit/537.36 (KHTML, like Gecko) Chrome/74.0.3729.157 Safari/537.36"
::1 - - [22/May/2019:01:35:47 +0000] "POST /amount HTTP/1.1" 200 82 "http://localhost:3001/control" "Mozilla/5.0 (Macintosh; Intel Mac OS X 10_14_1) AppleWebKit/537.36 (KHTML, like Gecko) Chrome/74.0.3729.157 Safari/537.36"
::1 - - [22/May/2019:01:36:23 +0000] "POST /amount HTTP/1.1" 200 82 "http://localhost:3001/control" "Mozilla/5.0 (Macintosh; Intel Mac OS X 10_14_1) AppleWebKit/537.36 (KHTML, like Gecko) Chrome/74.0.3729.157 Safari/537.36"
::1 - - [22/May/2019:01:36:29 +0000] "GET /css/uikit.min.css HTTP/1.1" 304 - "http://localhost:3001/control" "Mozilla/5.0 (Macintosh; Intel Mac OS X 10_14_1) AppleWebKit/537.36 (KHTML, like Gecko) Chrome/74.0.3729.157 Safari/537.36"
::1 - - [22/May/2019:01:36:29 +0000] "GET /css/uikit.gradient.min.css HTTP/1.1" 304 - "http://localhost:3001/control" "Mozilla/5.0 (Macintosh; Intel Mac OS X 10_14_1) AppleWebKit/537.36 (KHTML, like Gecko) Chrome/74.0.3729.157 Safari/537.36"
::1 - - [22/May/2019:01:36:29 +0000] "GET /css/uikit.almost-flat.min.css HTTP/1.1" 304 - "http://localhost:3001/control" "Mozilla/5.0 (Macintosh; Intel Mac OS X 10_14_1) AppleWebKit/537.36 (KHTML, like Gecko) Chrome/74.0.3729.157 Safari/537.36"
::1 - - [22/May/2019:01:36:29 +0000] "GET /css/login.css HTTP/1.1" 304 - "http://localhost:3001/control" "Mozilla/5.0 (Macintosh; Intel Mac OS X 10_14_1) AppleWebKit/537.36 (KHTML, like Gecko) Chrome/74.0.3729.157 Safari/537.36"
::1 - - [22/May/2019:01:36:29 +0000] "GET /css/docs.css HTTP/1.1" 304 - "http://localhost:3001/control" "Mozilla/5.0 (Macintosh; Intel Mac OS X 10_14_1) AppleWebKit/537.36 (KHTML, like Gecko) Chrome/74.0.3729.157 Safari/537.36"
::1 - - [22/May/2019:01:36:29 +0000] "GET /css/currency.css HTTP/1.1" 304 - "http://localhost:3001/control" "Mozilla/5.0 (Macintosh; Intel Mac OS X 10_14_1) AppleWebKit/537.36 (KHTML, like Gecko) Chrome/74.0.3729.157 Safari/537.36"
::1 - - [22/May/2019:01:36:29 +0000] "GET /css/components/notify.css HTTP/1.1" 304 - "http://localhost:3001/control" "Mozilla/5.0 (Macintosh; Intel Mac OS X 10_14_1) AppleWebKit/537.36 (KHTML, like Gecko) Chrome/74.0.3729.157 Safari/537.36"
::1 - - [22/May/2019:01:51:41 +0000] "POST /amount HTTP/1.1" 200 82 "http://localhost:3001/control" "Mozilla/5.0 (Macintosh; Intel Mac OS X 10_14_1) AppleWebKit/537.36 (KHTML, like Gecko) Chrome/74.0.3729.157 Safari/537.36"
::1 - - [22/May/2019:02:55:59 +0000] "GET /canshu?hiddenKey=1799ed70-f4e6-43c1-887a-daa44e2d025d&id=dfcf&cookies=Yybdm=5406;%20Uid=K%2fiiWfZ4zyUIyvvoo%2b5hdA%3d%3d;%20Khmc=%e5%bc%a0%e4%b8%96%e6%a0%8b;%20mobileimei=ef3a36c4-77e4-4aaa-a3b3-29fcf796a094;%20Uuid=8553213a9b6f4691911dae32cf0877b9;%20eastmoney_txzq_zjzh=NTQwNjQwMDc2MDkyfCw1NDA2NTAyMjU5NTl8 HTTP/1.1" 200 7909 "-" "Mozilla/5.0 (Macintosh; Intel Mac OS X 10_14_1) AppleWebKit/537.36 (KHTML, like Gecko) Chrome/74.0.3729.157 Safari/537.36"
::1 - - [22/May/2019:02:55:59 +0000] "GET /lixian.manifest HTTP/1.1" 200 2323 "-" "Mozilla/5.0 (Macintosh; Intel Mac OS X 10_14_1) AppleWebKit/537.36 (KHTML, like Gecko) Chrome/74.0.3729.157 Safari/537.36"
::1 - - [22/May/2019:02:55:59 +0000] "GET /css/uikit.min.css HTTP/1.1" 304 - "http://localhost:3001/canshu?hiddenKey=1799ed70-f4e6-43c1-887a-daa44e2d025d&id=dfcf&cookies=Yybdm=5406;%20Uid=K%2fiiWfZ4zyUIyvvoo%2b5hdA%3d%3d;%20Khmc=%e5%bc%a0%e4%b8%96%e6%a0%8b;%20mobileimei=ef3a36c4-77e4-4aaa-a3b3-29fcf796a094;%20Uuid=8553213a9b6f4691911dae32cf0877b9;%20eastmoney_txzq_zjzh=NTQwNjQwMDc2MDkyfCw1NDA2NTAyMjU5NTl8" "Mozilla/5.0 (Macintosh; Intel Mac OS X 10_14_1) AppleWebKit/537.36 (KHTML, like Gecko) Chrome/74.0.3729.157 Safari/537.36"
::1 - - [22/May/2019:02:55:59 +0000] "GET /css/uikit.gradient.min.css HTTP/1.1" 304 - "http://localhost:3001/canshu?hiddenKey=1799ed70-f4e6-43c1-887a-daa44e2d025d&id=dfcf&cookies=Yybdm=5406;%20Uid=K%2fiiWfZ4zyUIyvvoo%2b5hdA%3d%3d;%20Khmc=%e5%bc%a0%e4%b8%96%e6%a0%8b;%20mobileimei=ef3a36c4-77e4-4aaa-a3b3-29fcf796a094;%20Uuid=8553213a9b6f4691911dae32cf0877b9;%20eastmoney_txzq_zjzh=NTQwNjQwMDc2MDkyfCw1NDA2NTAyMjU5NTl8" "Mozilla/5.0 (Macintosh; Intel Mac OS X 10_14_1) AppleWebKit/537.36 (KHTML, like Gecko) Chrome/74.0.3729.157 Safari/537.36"
::1 - - [22/May/2019:02:55:59 +0000] "GET /css/uikit.almost-flat.min.css HTTP/1.1" 304 - "http://localhost:3001/canshu?hiddenKey=1799ed70-f4e6-43c1-887a-daa44e2d025d&id=dfcf&cookies=Yybdm=5406;%20Uid=K%2fiiWfZ4zyUIyvvoo%2b5hdA%3d%3d;%20Khmc=%e5%bc%a0%e4%b8%96%e6%a0%8b;%20mobileimei=ef3a36c4-77e4-4aaa-a3b3-29fcf796a094;%20Uuid=8553213a9b6f4691911dae32cf0877b9;%20eastmoney_txzq_zjzh=NTQwNjQwMDc2MDkyfCw1NDA2NTAyMjU5NTl8" "Mozilla/5.0 (Macintosh; Intel Mac OS X 10_14_1) AppleWebKit/537.36 (KHTML, like Gecko) Chrome/74.0.3729.157 Safari/537.36"
::1 - - [22/May/2019:02:55:59 +0000] "GET /css/docs.css HTTP/1.1" 304 - "http://localhost:3001/canshu?hiddenKey=1799ed70-f4e6-43c1-887a-daa44e2d025d&id=dfcf&cookies=Yybdm=5406;%20Uid=K%2fiiWfZ4zyUIyvvoo%2b5hdA%3d%3d;%20Khmc=%e5%bc%a0%e4%b8%96%e6%a0%8b;%20mobileimei=ef3a36c4-77e4-4aaa-a3b3-29fcf796a094;%20Uuid=8553213a9b6f4691911dae32cf0877b9;%20eastmoney_txzq_zjzh=NTQwNjQwMDc2MDkyfCw1NDA2NTAyMjU5NTl8" "Mozilla/5.0 (Macintosh; Intel Mac OS X 10_14_1) AppleWebKit/537.36 (KHTML, like Gecko) Chrome/74.0.3729.157 Safari/537.36"
::1 - - [22/May/2019:02:55:59 +0000] "GET /css/currency.css HTTP/1.1" 304 - "http://localhost:3001/canshu?hiddenKey=1799ed70-f4e6-43c1-887a-daa44e2d025d&id=dfcf&cookies=Yybdm=5406;%20Uid=K%2fiiWfZ4zyUIyvvoo%2b5hdA%3d%3d;%20Khmc=%e5%bc%a0%e4%b8%96%e6%a0%8b;%20mobileimei=ef3a36c4-77e4-4aaa-a3b3-29fcf796a094;%20Uuid=8553213a9b6f4691911dae32cf0877b9;%20eastmoney_txzq_zjzh=NTQwNjQwMDc2MDkyfCw1NDA2NTAyMjU5NTl8" "Mozilla/5.0 (Macintosh; Intel Mac OS X 10_14_1) AppleWebKit/537.36 (KHTML, like Gecko) Chrome/74.0.3729.157 Safari/537.36"
::1 - - [22/May/2019:02:55:59 +0000] "GET /css/login.css HTTP/1.1" 304 - "http://localhost:3001/canshu?hiddenKey=1799ed70-f4e6-43c1-887a-daa44e2d025d&id=dfcf&cookies=Yybdm=5406;%20Uid=K%2fiiWfZ4zyUIyvvoo%2b5hdA%3d%3d;%20Khmc=%e5%bc%a0%e4%b8%96%e6%a0%8b;%20mobileimei=ef3a36c4-77e4-4aaa-a3b3-29fcf796a094;%20Uuid=8553213a9b6f4691911dae32cf0877b9;%20eastmoney_txzq_zjzh=NTQwNjQwMDc2MDkyfCw1NDA2NTAyMjU5NTl8" "Mozilla/5.0 (Macintosh; Intel Mac OS X 10_14_1) AppleWebKit/537.36 (KHTML, like Gecko) Chrome/74.0.3729.157 Safari/537.36"
::1 - - [22/May/2019:02:55:59 +0000] "GET /javascripts/ajax.js HTTP/1.1" 304 - "http://localhost:3001/canshu?hiddenKey=1799ed70-f4e6-43c1-887a-daa44e2d025d&id=dfcf&cookies=Yybdm=5406;%20Uid=K%2fiiWfZ4zyUIyvvoo%2b5hdA%3d%3d;%20Khmc=%e5%bc%a0%e4%b8%96%e6%a0%8b;%20mobileimei=ef3a36c4-77e4-4aaa-a3b3-29fcf796a094;%20Uuid=8553213a9b6f4691911dae32cf0877b9;%20eastmoney_txzq_zjzh=NTQwNjQwMDc2MDkyfCw1NDA2NTAyMjU5NTl8" "Mozilla/5.0 (Macintosh; Intel Mac OS X 10_14_1) AppleWebKit/537.36 (KHTML, like Gecko) Chrome/74.0.3729.157 Safari/537.36"
::1 - - [22/May/2019:02:55:59 +0000] "GET /js/uikit.min.js HTTP/1.1" 304 - "http://localhost:3001/canshu?hiddenKey=1799ed70-f4e6-43c1-887a-daa44e2d025d&id=dfcf&cookies=Yybdm=5406;%20Uid=K%2fiiWfZ4zyUIyvvoo%2b5hdA%3d%3d;%20Khmc=%e5%bc%a0%e4%b8%96%e6%a0%8b;%20mobileimei=ef3a36c4-77e4-4aaa-a3b3-29fcf796a094;%20Uuid=8553213a9b6f4691911dae32cf0877b9;%20eastmoney_txzq_zjzh=NTQwNjQwMDc2MDkyfCw1NDA2NTAyMjU5NTl8" "Mozilla/5.0 (Macintosh; Intel Mac OS X 10_14_1) AppleWebKit/537.36 (KHTML, like Gecko) Chrome/74.0.3729.157 Safari/537.36"
::1 - - [22/May/2019:02:55:59 +0000] "GET /css/components/notify.css HTTP/1.1" 304 - "http://localhost:3001/canshu?hiddenKey=1799ed70-f4e6-43c1-887a-daa44e2d025d&id=dfcf&cookies=Yybdm=5406;%20Uid=K%2fiiWfZ4zyUIyvvoo%2b5hdA%3d%3d;%20Khmc=%e5%bc%a0%e4%b8%96%e6%a0%8b;%20mobileimei=ef3a36c4-77e4-4aaa-a3b3-29fcf796a094;%20Uuid=8553213a9b6f4691911dae32cf0877b9;%20eastmoney_txzq_zjzh=NTQwNjQwMDc2MDkyfCw1NDA2NTAyMjU5NTl8" "Mozilla/5.0 (Macintosh; Intel Mac OS X 10_14_1) AppleWebKit/537.36 (KHTML, like Gecko) Chrome/74.0.3729.157 Safari/537.36"
::1 - - [22/May/2019:02:55:59 +0000] "GET /js/jquery.js HTTP/1.1" 200 244963 "http://localhost:3001/canshu?hiddenKey=1799ed70-f4e6-43c1-887a-daa44e2d025d&id=dfcf&cookies=Yybdm=5406;%20Uid=K%2fiiWfZ4zyUIyvvoo%2b5hdA%3d%3d;%20Khmc=%e5%bc%a0%e4%b8%96%e6%a0%8b;%20mobileimei=ef3a36c4-77e4-4aaa-a3b3-29fcf796a094;%20Uuid=8553213a9b6f4691911dae32cf0877b9;%20eastmoney_txzq_zjzh=NTQwNjQwMDc2MDkyfCw1NDA2NTAyMjU5NTl8" "Mozilla/5.0 (Macintosh; Intel Mac OS X 10_14_1) AppleWebKit/537.36 (KHTML, like Gecko) Chrome/74.0.3729.157 Safari/537.36"
::1 - - [22/May/2019:02:55:59 +0000] "GET /js/components/notify.js HTTP/1.1" 304 - "http://localhost:3001/canshu?hiddenKey=1799ed70-f4e6-43c1-887a-daa44e2d025d&id=dfcf&cookies=Yybdm=5406;%20Uid=K%2fiiWfZ4zyUIyvvoo%2b5hdA%3d%3d;%20Khmc=%e5%bc%a0%e4%b8%96%e6%a0%8b;%20mobileimei=ef3a36c4-77e4-4aaa-a3b3-29fcf796a094;%20Uuid=8553213a9b6f4691911dae32cf0877b9;%20eastmoney_txzq_zjzh=NTQwNjQwMDc2MDkyfCw1NDA2NTAyMjU5NTl8" "Mozilla/5.0 (Macintosh; Intel Mac OS X 10_14_1) AppleWebKit/537.36 (KHTML, like Gecko) Chrome/74.0.3729.157 Safari/537.36"
::1 - - [22/May/2019:02:55:59 +0000] "GET /javascripts/vue.js HTTP/1.1" 304 - "http://localhost:3001/canshu?hiddenKey=1799ed70-f4e6-43c1-887a-daa44e2d025d&id=dfcf&cookies=Yybdm=5406;%20Uid=K%2fiiWfZ4zyUIyvvoo%2b5hdA%3d%3d;%20Khmc=%e5%bc%a0%e4%b8%96%e6%a0%8b;%20mobileimei=ef3a36c4-77e4-4aaa-a3b3-29fcf796a094;%20Uuid=8553213a9b6f4691911dae32cf0877b9;%20eastmoney_txzq_zjzh=NTQwNjQwMDc2MDkyfCw1NDA2NTAyMjU5NTl8" "Mozilla/5.0 (Macintosh; Intel Mac OS X 10_14_1) AppleWebKit/537.36 (KHTML, like Gecko) Chrome/74.0.3729.157 Safari/537.36"
::1 - - [22/May/2019:02:55:59 +0000] "GET /javascripts/vue-resource.js HTTP/1.1" 304 - "http://localhost:3001/canshu?hiddenKey=1799ed70-f4e6-43c1-887a-daa44e2d025d&id=dfcf&cookies=Yybdm=5406;%20Uid=K%2fiiWfZ4zyUIyvvoo%2b5hdA%3d%3d;%20Khmc=%e5%bc%a0%e4%b8%96%e6%a0%8b;%20mobileimei=ef3a36c4-77e4-4aaa-a3b3-29fcf796a094;%20Uuid=8553213a9b6f4691911dae32cf0877b9;%20eastmoney_txzq_zjzh=NTQwNjQwMDc2MDkyfCw1NDA2NTAyMjU5NTl8" "Mozilla/5.0 (Macintosh; Intel Mac OS X 10_14_1) AppleWebKit/537.36 (KHTML, like Gecko) Chrome/74.0.3729.157 Safari/537.36"
::1 - - [22/May/2019:02:55:59 +0000] "GET /FALLBACK HTTP/1.1" 404 1348 "-" "Mozilla/5.0 (Macintosh; Intel Mac OS X 10_14_1) AppleWebKit/537.36 (KHTML, like Gecko) Chrome/74.0.3729.157 Safari/537.36"
::1 - - [22/May/2019:02:55:59 +0000] "GET /canshu?hiddenKey=1799ed70-f4e6-43c1-887a-daa44e2d025d&id=dfcf&cookies=Yybdm=5406;%20Uid=K%2fiiWfZ4zyUIyvvoo%2b5hdA%3d%3d;%20Khmc=%e5%bc%a0%e4%b8%96%e6%a0%8b;%20mobileimei=ef3a36c4-77e4-4aaa-a3b3-29fcf796a094;%20Uuid=8553213a9b6f4691911dae32cf0877b9;%20eastmoney_txzq_zjzh=NTQwNjQwMDc2MDkyfCw1NDA2NTAyMjU5NTl8 HTTP/1.1" 304 - "-" "Mozilla/5.0 (Macintosh; Intel Mac OS X 10_14_1) AppleWebKit/537.36 (KHTML, like Gecko) Chrome/74.0.3729.157 Safari/537.36"
::1 - - [22/May/2019:02:55:59 +0000] "GET /guanwang/static/img/yixiang.c394316.png HTTP/1.1" - - "-" "Mozilla/5.0 (Macintosh; Intel Mac OS X 10_14_1) AppleWebKit/537.36 (KHTML, like Gecko) Chrome/74.0.3729.157 Safari/537.36"
::1 - - [22/May/2019:02:56:00 +0000] "GET /images/loginWrap.png HTTP/1.1" 304 - "http://localhost:3001/css/login.css" "Mozilla/5.0 (Macintosh; Intel Mac OS X 10_14_1) AppleWebKit/537.36 (KHTML, like Gecko) Chrome/74.0.3729.157 Safari/537.36"
::1 - - [22/May/2019:02:56:00 +0000] "GET /images/login-bg.png HTTP/1.1" 200 327350 "http://localhost:3001/css/login.css" "Mozilla/5.0 (Macintosh; Intel Mac OS X 10_14_1) AppleWebKit/537.36 (KHTML, like Gecko) Chrome/74.0.3729.157 Safari/537.36"
::1 - - [22/May/2019:02:59:34 +0000] "POST /amount HTTP/1.1" 200 82 "http://localhost:3001/control" "Mozilla/5.0 (Macintosh; Intel Mac OS X 10_14_1) AppleWebKit/537.36 (KHTML, like Gecko) Chrome/74.0.3729.157 Safari/537.36"
::1 - - [22/May/2019:03:05:40 +0000] "POST /amount HTTP/1.1" 200 82 "http://localhost:3001/control" "Mozilla/5.0 (Macintosh; Intel Mac OS X 10_14_1) AppleWebKit/537.36 (KHTML, like Gecko) Chrome/74.0.3729.157 Safari/537.36"
::1 - - [22/May/2019:03:05:56 +0000] "POST /amount HTTP/1.1" 200 82 "http://localhost:3001/control" "Mozilla/5.0 (Macintosh; Intel Mac OS X 10_14_1) AppleWebKit/537.36 (KHTML, like Gecko) Chrome/74.0.3729.157 Safari/537.36"
::1 - - [22/May/2019:03:05:59 +0000] "POST /start HTTP/1.1" 200 174 "http://localhost:3001/control" "Mozilla/5.0 (Macintosh; Intel Mac OS X 10_14_1) AppleWebKit/537.36 (KHTML, like Gecko) Chrome/74.0.3729.157 Safari/537.36"
::1 - - [22/May/2019:03:07:20 +0000] "POST /amount HTTP/1.1" 200 82 "http://localhost:3001/control" "Mozilla/5.0 (Macintosh; Intel Mac OS X 10_14_1) AppleWebKit/537.36 (KHTML, like Gecko) Chrome/74.0.3729.157 Safari/537.36"
::1 - - [22/May/2019:03:07:24 +0000] "POST /start HTTP/1.1" 200 174 "http://localhost:3001/control" "Mozilla/5.0 (Macintosh; Intel Mac OS X 10_14_1) AppleWebKit/537.36 (KHTML, like Gecko) Chrome/74.0.3729.157 Safari/537.36"
::1 - - [22/May/2019:03:08:32 +0000] "POST /amount HTTP/1.1" 200 82 "http://localhost:3001/control" "Mozilla/5.0 (Macintosh; Intel Mac OS X 10_14_1) AppleWebKit/537.36 (KHTML, like Gecko) Chrome/74.0.3729.157 Safari/537.36"
::1 - - [22/May/2019:03:08:35 +0000] "POST /start HTTP/1.1" 200 174 "http://localhost:3001/control" "Mozilla/5.0 (Macintosh; Intel Mac OS X 10_14_1) AppleWebKit/537.36 (KHTML, like Gecko) Chrome/74.0.3729.157 Safari/537.36"
::1 - - [22/May/2019:03:08:55 +0000] "POST /amount HTTP/1.1" 200 82 "http://localhost:3001/control" "Mozilla/5.0 (Macintosh; Intel Mac OS X 10_14_1) AppleWebKit/537.36 (KHTML, like Gecko) Chrome/74.0.3729.157 Safari/537.36"
::1 - - [22/May/2019:03:08:58 +0000] "POST /start HTTP/1.1" 200 174 "http://localhost:3001/control" "Mozilla/5.0 (Macintosh; Intel Mac OS X 10_14_1) AppleWebKit/537.36 (KHTML, like Gecko) Chrome/74.0.3729.157 Safari/537.36"
::1 - - [22/May/2019:03:10:09 +0000] "POST /start HTTP/1.1" 200 86 "http://localhost:3001/control" "Mozilla/5.0 (Macintosh; Intel Mac OS X 10_14_1) AppleWebKit/537.36 (KHTML, like Gecko) Chrome/74.0.3729.157 Safari/537.36"
::1 - - [22/May/2019:03:10:12 +0000] "POST /amount HTTP/1.1" 200 82 "http://localhost:3001/control" "Mozilla/5.0 (Macintosh; Intel Mac OS X 10_14_1) AppleWebKit/537.36 (KHTML, like Gecko) Chrome/74.0.3729.157 Safari/537.36"
::1 - - [22/May/2019:03:12:34 +0000] "POST /amount HTTP/1.1" 200 82 "http://localhost:3001/control" "Mozilla/5.0 (Macintosh; Intel Mac OS X 10_14_1) AppleWebKit/537.36 (KHTML, like Gecko) Chrome/74.0.3729.157 Safari/537.36"
::1 - - [22/May/2019:03:13:24 +0000] "POST /amount HTTP/1.1" 200 82 "http://localhost:3001/control" "Mozilla/5.0 (Macintosh; Intel Mac OS X 10_14_1) AppleWebKit/537.36 (KHTML, like Gecko) Chrome/74.0.3729.157 Safari/537.36"
::1 - - [22/May/2019:05:12:48 +0000] "GET /control HTTP/1.1" 200 15586 "-" "Mozilla/5.0 (Macintosh; Intel Mac OS X 10_14_1) AppleWebKit/537.36 (KHTML, like Gecko) Chrome/74.0.3729.157 Safari/537.36"
::1 - - [22/May/2019:05:12:48 +0000] "GET /css/uikit.almost-flat.min.css HTTP/1.1" 304 - "http://localhost:3001/control" "Mozilla/5.0 (Macintosh; Intel Mac OS X 10_14_1) AppleWebKit/537.36 (KHTML, like Gecko) Chrome/74.0.3729.157 Safari/537.36"
::1 - - [22/May/2019:05:12:48 +0000] "GET /css/uikit.gradient.min.css HTTP/1.1" 304 - "http://localhost:3001/control" "Mozilla/5.0 (Macintosh; Intel Mac OS X 10_14_1) AppleWebKit/537.36 (KHTML, like Gecko) Chrome/74.0.3729.157 Safari/537.36"
::1 - - [22/May/2019:05:12:48 +0000] "GET /css/docs.css HTTP/1.1" 304 - "http://localhost:3001/control" "Mozilla/5.0 (Macintosh; Intel Mac OS X 10_14_1) AppleWebKit/537.36 (KHTML, like Gecko) Chrome/74.0.3729.157 Safari/537.36"
::1 - - [22/May/2019:05:12:48 +0000] "GET /css/currency.css HTTP/1.1" 304 - "http://localhost:3001/control" "Mozilla/5.0 (Macintosh; Intel Mac OS X 10_14_1) AppleWebKit/537.36 (KHTML, like Gecko) Chrome/74.0.3729.157 Safari/537.36"
::1 - - [22/May/2019:05:12:48 +0000] "GET /css/login.css HTTP/1.1" 304 - "http://localhost:3001/control" "Mozilla/5.0 (Macintosh; Intel Mac OS X 10_14_1) AppleWebKit/537.36 (KHTML, like Gecko) Chrome/74.0.3729.157 Safari/537.36"
::1 - - [22/May/2019:05:12:48 +0000] "GET /js/jquery.js HTTP/1.1" 304 - "http://localhost:3001/control" "Mozilla/5.0 (Macintosh; Intel Mac OS X 10_14_1) AppleWebKit/537.36 (KHTML, like Gecko) Chrome/74.0.3729.157 Safari/537.36"
::1 - - [22/May/2019:05:12:48 +0000] "GET /css/components/notify.css HTTP/1.1" 304 - "http://localhost:3001/control" "Mozilla/5.0 (Macintosh; Intel Mac OS X 10_14_1) AppleWebKit/537.36 (KHTML, like Gecko) Chrome/74.0.3729.157 Safari/537.36"
::1 - - [22/May/2019:05:12:48 +0000] "GET /js/uikit.min.js HTTP/1.1" 304 - "http://localhost:3001/control" "Mozilla/5.0 (Macintosh; Intel Mac OS X 10_14_1) AppleWebKit/537.36 (KHTML, like Gecko) Chrome/74.0.3729.157 Safari/537.36"
::1 - - [22/May/2019:05:12:49 +0000] "GET /css/uikit.min.css HTTP/1.1" 304 - "http://localhost:3001/control" "Mozilla/5.0 (Macintosh; Intel Mac OS X 10_14_1) AppleWebKit/537.36 (KHTML, like Gecko) Chrome/74.0.3729.157 Safari/537.36"
::1 - - [22/May/2019:05:12:49 +0000] "GET /js/components/notify.js HTTP/1.1" 304 - "http://localhost:3001/control" "Mozilla/5.0 (Macintosh; Intel Mac OS X 10_14_1) AppleWebKit/537.36 (KHTML, like Gecko) Chrome/74.0.3729.157 Safari/537.36"
::1 - - [22/May/2019:05:12:49 +0000] "GET /javascripts/vue.js HTTP/1.1" 304 - "http://localhost:3001/control" "Mozilla/5.0 (Macintosh; Intel Mac OS X 10_14_1) AppleWebKit/537.36 (KHTML, like Gecko) Chrome/74.0.3729.157 Safari/537.36"
::1 - - [22/May/2019:05:12:49 +0000] "GET /javascripts/vue-resource.js HTTP/1.1" 304 - "http://localhost:3001/control" "Mozilla/5.0 (Macintosh; Intel Mac OS X 10_14_1) AppleWebKit/537.36 (KHTML, like Gecko) Chrome/74.0.3729.157 Safari/537.36"
::1 - - [22/May/2019:05:12:49 +0000] "GET /fonts/fontawesome-webfont.woff2 HTTP/1.1" 304 - "http://localhost:3001/css/uikit.min.css" "Mozilla/5.0 (Macintosh; Intel Mac OS X 10_14_1) AppleWebKit/537.36 (KHTML, like Gecko) Chrome/74.0.3729.157 Safari/537.36"
::1 - - [22/May/2019:05:12:49 +0000] "POST /seachAmount HTTP/1.1" 200 46 "http://localhost:3001/control" "Mozilla/5.0 (Macintosh; Intel Mac OS X 10_14_1) AppleWebKit/537.36 (KHTML, like Gecko) Chrome/74.0.3729.157 Safari/537.36"
::1 - - [22/May/2019:05:12:49 +0000] "POST /holdPositions HTTP/1.1" 200 80 "http://localhost:3001/control" "Mozilla/5.0 (Macintosh; Intel Mac OS X 10_14_1) AppleWebKit/537.36 (KHTML, like Gecko) Chrome/74.0.3729.157 Safari/537.36"
::1 - - [22/May/2019:05:12:50 +0000] "POST /history HTTP/1.1" 200 11380 "http://localhost:3001/control" "Mozilla/5.0 (Macintosh; Intel Mac OS X 10_14_1) AppleWebKit/537.36 (KHTML, like Gecko) Chrome/74.0.3729.157 Safari/537.36"
::1 - - [22/May/2019:05:12:50 +0000] "POST /getYesterdayBuyList HTTP/1.1" 200 80 "http://localhost:3001/control" "Mozilla/5.0 (Macintosh; Intel Mac OS X 10_14_1) AppleWebKit/537.36 (KHTML, like Gecko) Chrome/74.0.3729.157 Safari/537.36"
::1 - - [22/May/2019:05:13:00 +0000] "POST /amount HTTP/1.1" 200 83 "http://localhost:3001/control" "Mozilla/5.0 (Macintosh; Intel Mac OS X 10_14_1) AppleWebKit/537.36 (KHTML, like Gecko) Chrome/74.0.3729.157 Safari/537.36"
::1 - - [22/May/2019:14:07:14 +0000] "GET / HTTP/1.1" 200 10939 "-" "Mozilla/5.0 (Macintosh; Intel Mac OS X 10_14_1) AppleWebKit/537.36 (KHTML, like Gecko) Chrome/74.0.3729.157 Safari/537.36"
::1 - - [22/May/2019:14:07:14 +0000] "GET /css/docs.css HTTP/1.1" 304 - "http://localhost:3001/" "Mozilla/5.0 (Macintosh; Intel Mac OS X 10_14_1) AppleWebKit/537.36 (KHTML, like Gecko) Chrome/74.0.3729.157 Safari/537.36"
::1 - - [22/May/2019:14:07:14 +0000] "GET /css/uikit.almost-flat.min.css HTTP/1.1" 200 106217 "http://localhost:3001/" "Mozilla/5.0 (Macintosh; Intel Mac OS X 10_14_1) AppleWebKit/537.36 (KHTML, like Gecko) Chrome/74.0.3729.157 Safari/537.36"
::1 - - [22/May/2019:14:07:14 +0000] "GET /css/currency.css HTTP/1.1" 304 - "http://localhost:3001/" "Mozilla/5.0 (Macintosh; Intel Mac OS X 10_14_1) AppleWebKit/537.36 (KHTML, like Gecko) Chrome/74.0.3729.157 Safari/537.36"
::1 - - [22/May/2019:14:07:14 +0000] "GET /lixian.manifest HTTP/1.1" 200 2323 "-" "Mozilla/5.0 (Macintosh; Intel Mac OS X 10_14_1) AppleWebKit/537.36 (KHTML, like Gecko) Chrome/74.0.3729.157 Safari/537.36"
::1 - - [22/May/2019:14:07:14 +0000] "GET /css/uikit.min.css HTTP/1.1" 200 100007 "http://localhost:3001/" "Mozilla/5.0 (Macintosh; Intel Mac OS X 10_14_1) AppleWebKit/537.36 (KHTML, like Gecko) Chrome/74.0.3729.157 Safari/537.36"
::1 - - [22/May/2019:14:07:14 +0000] "GET /javascripts/vue-resource.js HTTP/1.1" 200 38696 "http://localhost:3001/" "Mozilla/5.0 (Macintosh; Intel Mac OS X 10_14_1) AppleWebKit/537.36 (KHTML, like Gecko) Chrome/74.0.3729.157 Safari/537.36"
::1 - - [22/May/2019:14:07:14 +0000] "GET /js/uikit.min.js HTTP/1.1" 200 54203 "http://localhost:3001/" "Mozilla/5.0 (Macintosh; Intel Mac OS X 10_14_1) AppleWebKit/537.36 (KHTML, like Gecko) Chrome/74.0.3729.157 Safari/537.36"
::1 - - [22/May/2019:14:07:14 +0000] "GET /javascripts/vue.js HTTP/1.1" 200 76315 "http://localhost:3001/" "Mozilla/5.0 (Macintosh; Intel Mac OS X 10_14_1) AppleWebKit/537.36 (KHTML, like Gecko) Chrome/74.0.3729.157 Safari/537.36"
::1 - - [22/May/2019:14:07:14 +0000] "GET /css/components/notify.css HTTP/1.1" 304 - "http://localhost:3001/" "Mozilla/5.0 (Macintosh; Intel Mac OS X 10_14_1) AppleWebKit/537.36 (KHTML, like Gecko) Chrome/74.0.3729.157 Safari/537.36"
::1 - - [22/May/2019:14:07:14 +0000] "GET /css/login.css HTTP/1.1" 304 - "http://localhost:3001/" "Mozilla/5.0 (Macintosh; Intel Mac OS X 10_14_1) AppleWebKit/537.36 (KHTML, like Gecko) Chrome/74.0.3729.157 Safari/537.36"
::1 - - [22/May/2019:14:07:14 +0000] "GET /javascripts/ajax.js HTTP/1.1" 304 - "http://localhost:3001/" "Mozilla/5.0 (Macintosh; Intel Mac OS X 10_14_1) AppleWebKit/537.36 (KHTML, like Gecko) Chrome/74.0.3729.157 Safari/537.36"
::1 - - [22/May/2019:14:07:14 +0000] "GET /FALLBACK HTTP/1.1" 404 1184 "-" "Mozilla/5.0 (Macintosh; Intel Mac OS X 10_14_1) AppleWebKit/537.36 (KHTML, like Gecko) Chrome/74.0.3729.157 Safari/537.36"
::1 - - [22/May/2019:14:07:14 +0000] "GET /js/components/notify.js HTTP/1.1" 304 - "http://localhost:3001/" "Mozilla/5.0 (Macintosh; Intel Mac OS X 10_14_1) AppleWebKit/537.36 (KHTML, like Gecko) Chrome/74.0.3729.157 Safari/537.36"
::1 - - [22/May/2019:14:07:14 +0000] "GET / HTTP/1.1" - - "-" "Mozilla/5.0 (Macintosh; Intel Mac OS X 10_14_1) AppleWebKit/537.36 (KHTML, like Gecko) Chrome/74.0.3729.157 Safari/537.36"
::1 - - [22/May/2019:14:07:14 +0000] "GET /guanwang/static/img/yixiang.c394316.png HTTP/1.1" - - "-" "Mozilla/5.0 (Macintosh; Intel Mac OS X 10_14_1) AppleWebKit/537.36 (KHTML, like Gecko) Chrome/74.0.3729.157 Safari/537.36"
::1 - - [22/May/2019:14:07:14 +0000] "GET /css/uikit.gradient.min.css HTTP/1.1" 200 109063 "http://localhost:3001/" "Mozilla/5.0 (Macintosh; Intel Mac OS X 10_14_1) AppleWebKit/537.36 (KHTML, like Gecko) Chrome/74.0.3729.157 Safari/537.36"
::1 - - [22/May/2019:14:07:14 +0000] "GET /js/jquery.js HTTP/1.1" 200 244963 "http://localhost:3001/" "Mozilla/5.0 (Macintosh; Intel Mac OS X 10_14_1) AppleWebKit/537.36 (KHTML, like Gecko) Chrome/74.0.3729.157 Safari/537.36"
::1 - - [22/May/2019:14:07:14 +0000] "GET /images/loginWrap.png HTTP/1.1" 304 - "http://localhost:3001/css/login.css" "Mozilla/5.0 (Macintosh; Intel Mac OS X 10_14_1) AppleWebKit/537.36 (KHTML, like Gecko) Chrome/74.0.3729.157 Safari/537.36"
::1 - - [22/May/2019:14:07:14 +0000] "GET /images/login-bg.png HTTP/1.1" 200 327350 "http://localhost:3001/css/login.css" "Mozilla/5.0 (Macintosh; Intel Mac OS X 10_14_1) AppleWebKit/537.36 (KHTML, like Gecko) Chrome/74.0.3729.157 Safari/537.36"
::1 - - [22/May/2019:14:07:19 +0000] "POST /userLogin HTTP/1.1" 200 143 "http://localhost:3001/" "Mozilla/5.0 (Macintosh; Intel Mac OS X 10_14_1) AppleWebKit/537.36 (KHTML, like Gecko) Chrome/74.0.3729.157 Safari/537.36"
::1 - - [22/May/2019:14:07:20 +0000] "GET /control HTTP/1.1" 304 - "http://localhost:3001/" "Mozilla/5.0 (Macintosh; Intel Mac OS X 10_14_1) AppleWebKit/537.36 (KHTML, like Gecko) Chrome/74.0.3729.157 Safari/537.36"
::1 - - [22/May/2019:14:07:20 +0000] "GET /css/uikit.gradient.min.css HTTP/1.1" 304 - "http://localhost:3001/control" "Mozilla/5.0 (Macintosh; Intel Mac OS X 10_14_1) AppleWebKit/537.36 (KHTML, like Gecko) Chrome/74.0.3729.157 Safari/537.36"
::1 - - [22/May/2019:14:07:20 +0000] "GET /css/uikit.almost-flat.min.css HTTP/1.1" 304 - "http://localhost:3001/control" "Mozilla/5.0 (Macintosh; Intel Mac OS X 10_14_1) AppleWebKit/537.36 (KHTML, like Gecko) Chrome/74.0.3729.157 Safari/537.36"
::1 - - [22/May/2019:14:07:20 +0000] "GET /css/uikit.min.css HTTP/1.1" 304 - "http://localhost:3001/control" "Mozilla/5.0 (Macintosh; Intel Mac OS X 10_14_1) AppleWebKit/537.36 (KHTML, like Gecko) Chrome/74.0.3729.157 Safari/537.36"
::1 - - [22/May/2019:14:07:20 +0000] "GET /css/docs.css HTTP/1.1" 304 - "http://localhost:3001/control" "Mozilla/5.0 (Macintosh; Intel Mac OS X 10_14_1) AppleWebKit/537.36 (KHTML, like Gecko) Chrome/74.0.3729.157 Safari/537.36"
::1 - - [22/May/2019:14:07:20 +0000] "GET /css/currency.css HTTP/1.1" 304 - "http://localhost:3001/control" "Mozilla/5.0 (Macintosh; Intel Mac OS X 10_14_1) AppleWebKit/537.36 (KHTML, like Gecko) Chrome/74.0.3729.157 Safari/537.36"
::1 - - [22/May/2019:14:07:20 +0000] "GET /css/components/notify.css HTTP/1.1" 304 - "http://localhost:3001/control" "Mozilla/5.0 (Macintosh; Intel Mac OS X 10_14_1) AppleWebKit/537.36 (KHTML, like Gecko) Chrome/74.0.3729.157 Safari/537.36"
::1 - - [22/May/2019:14:07:20 +0000] "GET /css/login.css HTTP/1.1" 304 - "http://localhost:3001/control" "Mozilla/5.0 (Macintosh; Intel Mac OS X 10_14_1) AppleWebKit/537.36 (KHTML, like Gecko) Chrome/74.0.3729.157 Safari/537.36"
::1 - - [22/May/2019:14:07:20 +0000] "GET /js/jquery.js HTTP/1.1" 304 - "http://localhost:3001/control" "Mozilla/5.0 (Macintosh; Intel Mac OS X 10_14_1) AppleWebKit/537.36 (KHTML, like Gecko) Chrome/74.0.3729.157 Safari/537.36"
::1 - - [22/May/2019:14:07:20 +0000] "GET /js/uikit.min.js HTTP/1.1" 304 - "http://localhost:3001/control" "Mozilla/5.0 (Macintosh; Intel Mac OS X 10_14_1) AppleWebKit/537.36 (KHTML, like Gecko) Chrome/74.0.3729.157 Safari/537.36"
::1 - - [22/May/2019:14:07:20 +0000] "GET /js/components/notify.js HTTP/1.1" 304 - "http://localhost:3001/control" "Mozilla/5.0 (Macintosh; Intel Mac OS X 10_14_1) AppleWebKit/537.36 (KHTML, like Gecko) Chrome/74.0.3729.157 Safari/537.36"
::1 - - [22/May/2019:14:07:20 +0000] "GET /javascripts/vue-resource.js HTTP/1.1" 304 - "http://localhost:3001/control" "Mozilla/5.0 (Macintosh; Intel Mac OS X 10_14_1) AppleWebKit/537.36 (KHTML, like Gecko) Chrome/74.0.3729.157 Safari/537.36"
::1 - - [22/May/2019:14:07:20 +0000] "GET /javascripts/vue.js HTTP/1.1" 304 - "http://localhost:3001/control" "Mozilla/5.0 (Macintosh; Intel Mac OS X 10_14_1) AppleWebKit/537.36 (KHTML, like Gecko) Chrome/74.0.3729.157 Safari/537.36"
::1 - - [22/May/2019:14:07:20 +0000] "GET /fonts/fontawesome-webfont.woff2 HTTP/1.1" 200 66624 "http://localhost:3001/css/uikit.min.css" "Mozilla/5.0 (Macintosh; Intel Mac OS X 10_14_1) AppleWebKit/537.36 (KHTML, like Gecko) Chrome/74.0.3729.157 Safari/537.36"
::1 - - [22/May/2019:14:07:20 +0000] "POST /seachAmount HTTP/1.1" 200 46 "http://localhost:3001/control" "Mozilla/5.0 (Macintosh; Intel Mac OS X 10_14_1) AppleWebKit/537.36 (KHTML, like Gecko) Chrome/74.0.3729.157 Safari/537.36"
::1 - - [22/May/2019:14:07:20 +0000] "POST /getYesterdayBuyList HTTP/1.1" 200 80 "http://localhost:3001/control" "Mozilla/5.0 (Macintosh; Intel Mac OS X 10_14_1) AppleWebKit/537.36 (KHTML, like Gecko) Chrome/74.0.3729.157 Safari/537.36"
::1 - - [22/May/2019:14:07:20 +0000] "POST /holdPositions HTTP/1.1" 200 80 "http://localhost:3001/control" "Mozilla/5.0 (Macintosh; Intel Mac OS X 10_14_1) AppleWebKit/537.36 (KHTML, like Gecko) Chrome/74.0.3729.157 Safari/537.36"
::1 - - [22/May/2019:14:07:20 +0000] "POST /history HTTP/1.1" 200 11441 "http://localhost:3001/control" "Mozilla/5.0 (Macintosh; Intel Mac OS X 10_14_1) AppleWebKit/537.36 (KHTML, like Gecko) Chrome/74.0.3729.157 Safari/537.36"
::1 - - [22/May/2019:14:07:23 +0000] "GET /css/uikit.min.css HTTP/1.1" 304 - "http://localhost:3001/control" "Mozilla/5.0 (Macintosh; Intel Mac OS X 10_14_1) AppleWebKit/537.36 (KHTML, like Gecko) Chrome/74.0.3729.157 Safari/537.36"
::1 - - [22/May/2019:14:07:23 +0000] "GET /css/uikit.gradient.min.css HTTP/1.1" 304 - "http://localhost:3001/control" "Mozilla/5.0 (Macintosh; Intel Mac OS X 10_14_1) AppleWebKit/537.36 (KHTML, like Gecko) Chrome/74.0.3729.157 Safari/537.36"
::1 - - [22/May/2019:14:07:23 +0000] "GET /css/docs.css HTTP/1.1" 304 - "http://localhost:3001/control" "Mozilla/5.0 (Macintosh; Intel Mac OS X 10_14_1) AppleWebKit/537.36 (KHTML, like Gecko) Chrome/74.0.3729.157 Safari/537.36"
::1 - - [22/May/2019:14:07:23 +0000] "GET /css/uikit.almost-flat.min.css HTTP/1.1" 304 - "http://localhost:3001/control" "Mozilla/5.0 (Macintosh; Intel Mac OS X 10_14_1) AppleWebKit/537.36 (KHTML, like Gecko) Chrome/74.0.3729.157 Safari/537.36"
::1 - - [22/May/2019:14:07:23 +0000] "GET /css/currency.css HTTP/1.1" 304 - "http://localhost:3001/control" "Mozilla/5.0 (Macintosh; Intel Mac OS X 10_14_1) AppleWebKit/537.36 (KHTML, like Gecko) Chrome/74.0.3729.157 Safari/537.36"
::1 - - [22/May/2019:14:07:23 +0000] "GET /css/components/notify.css HTTP/1.1" 304 - "http://localhost:3001/control" "Mozilla/5.0 (Macintosh; Intel Mac OS X 10_14_1) AppleWebKit/537.36 (KHTML, like Gecko) Chrome/74.0.3729.157 Safari/537.36"
::1 - - [22/May/2019:14:07:23 +0000] "GET /css/login.css HTTP/1.1" 304 - "http://localhost:3001/control" "Mozilla/5.0 (Macintosh; Intel Mac OS X 10_14_1) AppleWebKit/537.36 (KHTML, like Gecko) Chrome/74.0.3729.157 Safari/537.36"
::1 - - [22/May/2019:14:07:37 +0000] "POST /amount HTTP/1.1" 200 92 "http://localhost:3001/control" "Mozilla/5.0 (Macintosh; Intel Mac OS X 10_14_1) AppleWebKit/537.36 (KHTML, like Gecko) Chrome/74.0.3729.157 Safari/537.36"
::1 - - [22/May/2019:14:11:21 +0000] "POST /amount HTTP/1.1" 200 92 "http://localhost:3001/control" "Mozilla/5.0 (Macintosh; Intel Mac OS X 10_14_1) AppleWebKit/537.36 (KHTML, like Gecko) Chrome/74.0.3729.157 Safari/537.36"
::1 - - [22/May/2019:14:13:34 +0000] "POST /amount HTTP/1.1" 200 92 "http://localhost:3001/control" "Mozilla/5.0 (Macintosh; Intel Mac OS X 10_14_1) AppleWebKit/537.36 (KHTML, like Gecko) Chrome/74.0.3729.157 Safari/537.36"
::1 - - [22/May/2019:14:16:05 +0000] "POST /amount HTTP/1.1" 200 92 "http://localhost:3001/control" "Mozilla/5.0 (Macintosh; Intel Mac OS X 10_14_1) AppleWebKit/537.36 (KHTML, like Gecko) Chrome/74.0.3729.157 Safari/537.36"
::1 - - [22/May/2019:14:16:16 +0000] "GET /control HTTP/1.1" 304 - "http://localhost:3001/" "Mozilla/5.0 (Macintosh; Intel Mac OS X 10_14_1) AppleWebKit/537.36 (KHTML, like Gecko) Chrome/74.0.3729.157 Safari/537.36"
::1 - - [22/May/2019:14:16:17 +0000] "GET /css/uikit.min.css HTTP/1.1" 304 - "http://localhost:3001/control" "Mozilla/5.0 (Macintosh; Intel Mac OS X 10_14_1) AppleWebKit/537.36 (KHTML, like Gecko) Chrome/74.0.3729.157 Safari/537.36"
::1 - - [22/May/2019:14:16:17 +0000] "GET /css/uikit.gradient.min.css HTTP/1.1" 304 - "http://localhost:3001/control" "Mozilla/5.0 (Macintosh; Intel Mac OS X 10_14_1) AppleWebKit/537.36 (KHTML, like Gecko) Chrome/74.0.3729.157 Safari/537.36"
::1 - - [22/May/2019:14:16:17 +0000] "GET /css/docs.css HTTP/1.1" 304 - "http://localhost:3001/control" "Mozilla/5.0 (Macintosh; Intel Mac OS X 10_14_1) AppleWebKit/537.36 (KHTML, like Gecko) Chrome/74.0.3729.157 Safari/537.36"
::1 - - [22/May/2019:14:16:17 +0000] "GET /css/currency.css HTTP/1.1" 304 - "http://localhost:3001/control" "Mozilla/5.0 (Macintosh; Intel Mac OS X 10_14_1) AppleWebKit/537.36 (KHTML, like Gecko) Chrome/74.0.3729.157 Safari/537.36"
::1 - - [22/May/2019:14:16:17 +0000] "GET /css/components/notify.css HTTP/1.1" 304 - "http://localhost:3001/control" "Mozilla/5.0 (Macintosh; Intel Mac OS X 10_14_1) AppleWebKit/537.36 (KHTML, like Gecko) Chrome/74.0.3729.157 Safari/537.36"
::1 - - [22/May/2019:14:16:17 +0000] "GET /css/login.css HTTP/1.1" 304 - "http://localhost:3001/control" "Mozilla/5.0 (Macintosh; Intel Mac OS X 10_14_1) AppleWebKit/537.36 (KHTML, like Gecko) Chrome/74.0.3729.157 Safari/537.36"
::1 - - [22/May/2019:14:16:17 +0000] "GET /js/jquery.js HTTP/1.1" 304 - "http://localhost:3001/control" "Mozilla/5.0 (Macintosh; Intel Mac OS X 10_14_1) AppleWebKit/537.36 (KHTML, like Gecko) Chrome/74.0.3729.157 Safari/537.36"
::1 - - [22/May/2019:14:16:17 +0000] "GET /js/uikit.min.js HTTP/1.1" 304 - "http://localhost:3001/control" "Mozilla/5.0 (Macintosh; Intel Mac OS X 10_14_1) AppleWebKit/537.36 (KHTML, like Gecko) Chrome/74.0.3729.157 Safari/537.36"
::1 - - [22/May/2019:14:16:17 +0000] "GET /js/components/notify.js HTTP/1.1" 304 - "http://localhost:3001/control" "Mozilla/5.0 (Macintosh; Intel Mac OS X 10_14_1) AppleWebKit/537.36 (KHTML, like Gecko) Chrome/74.0.3729.157 Safari/537.36"
::1 - - [22/May/2019:14:16:17 +0000] "GET /javascripts/vue.js HTTP/1.1" 304 - "http://localhost:3001/control" "Mozilla/5.0 (Macintosh; Intel Mac OS X 10_14_1) AppleWebKit/537.36 (KHTML, like Gecko) Chrome/74.0.3729.157 Safari/537.36"
::1 - - [22/May/2019:14:16:17 +0000] "GET /javascripts/vue-resource.js HTTP/1.1" 304 - "http://localhost:3001/control" "Mozilla/5.0 (Macintosh; Intel Mac OS X 10_14_1) AppleWebKit/537.36 (KHTML, like Gecko) Chrome/74.0.3729.157 Safari/537.36"
::1 - - [22/May/2019:14:16:17 +0000] "GET /css/uikit.almost-flat.min.css HTTP/1.1" 304 - "http://localhost:3001/control" "Mozilla/5.0 (Macintosh; Intel Mac OS X 10_14_1) AppleWebKit/537.36 (KHTML, like Gecko) Chrome/74.0.3729.157 Safari/537.36"
::1 - - [22/May/2019:14:16:17 +0000] "GET /fonts/fontawesome-webfont.woff2 HTTP/1.1" 304 - "http://localhost:3001/css/uikit.min.css" "Mozilla/5.0 (Macintosh; Intel Mac OS X 10_14_1) AppleWebKit/537.36 (KHTML, like Gecko) Chrome/74.0.3729.157 Safari/537.36"
::1 - - [22/May/2019:14:16:18 +0000] "POST /seachAmount HTTP/1.1" 200 55 "http://localhost:3001/control" "Mozilla/5.0 (Macintosh; Intel Mac OS X 10_14_1) AppleWebKit/537.36 (KHTML, like Gecko) Chrome/74.0.3729.157 Safari/537.36"
::1 - - [22/May/2019:14:16:18 +0000] "POST /holdPositions HTTP/1.1" 200 80 "http://localhost:3001/control" "Mozilla/5.0 (Macintosh; Intel Mac OS X 10_14_1) AppleWebKit/537.36 (KHTML, like Gecko) Chrome/74.0.3729.157 Safari/537.36"
::1 - - [22/May/2019:14:16:18 +0000] "POST /getYesterdayBuyList HTTP/1.1" 200 80 "http://localhost:3001/control" "Mozilla/5.0 (Macintosh; Intel Mac OS X 10_14_1) AppleWebKit/537.36 (KHTML, like Gecko) Chrome/74.0.3729.157 Safari/537.36"
::1 - - [22/May/2019:14:16:18 +0000] "POST /history HTTP/1.1" 200 11441 "http://localhost:3001/control" "Mozilla/5.0 (Macintosh; Intel Mac OS X 10_14_1) AppleWebKit/537.36 (KHTML, like Gecko) Chrome/74.0.3729.157 Safari/537.36"
::1 - - [22/May/2019:14:17:10 +0000] "POST /amount HTTP/1.1" 200 92 "http://localhost:3001/control" "Mozilla/5.0 (Macintosh; Intel Mac OS X 10_14_1) AppleWebKit/537.36 (KHTML, like Gecko) Chrome/74.0.3729.157 Safari/537.36"
::1 - - [22/May/2019:14:17:13 +0000] "GET /control HTTP/1.1" 304 - "http://localhost:3001/" "Mozilla/5.0 (Macintosh; Intel Mac OS X 10_14_1) AppleWebKit/537.36 (KHTML, like Gecko) Chrome/74.0.3729.157 Safari/537.36"
::1 - - [22/May/2019:14:17:13 +0000] "GET /css/uikit.min.css HTTP/1.1" 304 - "http://localhost:3001/control" "Mozilla/5.0 (Macintosh; Intel Mac OS X 10_14_1) AppleWebKit/537.36 (KHTML, like Gecko) Chrome/74.0.3729.157 Safari/537.36"
::1 - - [22/May/2019:14:17:13 +0000] "GET /css/uikit.gradient.min.css HTTP/1.1" 304 - "http://localhost:3001/control" "Mozilla/5.0 (Macintosh; Intel Mac OS X 10_14_1) AppleWebKit/537.36 (KHTML, like Gecko) Chrome/74.0.3729.157 Safari/537.36"
::1 - - [22/May/2019:14:17:13 +0000] "GET /css/uikit.almost-flat.min.css HTTP/1.1" 304 - "http://localhost:3001/control" "Mozilla/5.0 (Macintosh; Intel Mac OS X 10_14_1) AppleWebKit/537.36 (KHTML, like Gecko) Chrome/74.0.3729.157 Safari/537.36"
::1 - - [22/May/2019:14:17:13 +0000] "GET /css/docs.css HTTP/1.1" 304 - "http://localhost:3001/control" "Mozilla/5.0 (Macintosh; Intel Mac OS X 10_14_1) AppleWebKit/537.36 (KHTML, like Gecko) Chrome/74.0.3729.157 Safari/537.36"
::1 - - [22/May/2019:14:17:13 +0000] "GET /css/currency.css HTTP/1.1" 304 - "http://localhost:3001/control" "Mozilla/5.0 (Macintosh; Intel Mac OS X 10_14_1) AppleWebKit/537.36 (KHTML, like Gecko) Chrome/74.0.3729.157 Safari/537.36"
::1 - - [22/May/2019:14:17:13 +0000] "GET /css/components/notify.css HTTP/1.1" 304 - "http://localhost:3001/control" "Mozilla/5.0 (Macintosh; Intel Mac OS X 10_14_1) AppleWebKit/537.36 (KHTML, like Gecko) Chrome/74.0.3729.157 Safari/537.36"
::1 - - [22/May/2019:14:17:13 +0000] "GET /css/login.css HTTP/1.1" 304 - "http://localhost:3001/control" "Mozilla/5.0 (Macintosh; Intel Mac OS X 10_14_1) AppleWebKit/537.36 (KHTML, like Gecko) Chrome/74.0.3729.157 Safari/537.36"
::1 - - [22/May/2019:14:17:13 +0000] "GET /js/jquery.js HTTP/1.1" 304 - "http://localhost:3001/control" "Mozilla/5.0 (Macintosh; Intel Mac OS X 10_14_1) AppleWebKit/537.36 (KHTML, like Gecko) Chrome/74.0.3729.157 Safari/537.36"
::1 - - [22/May/2019:14:17:13 +0000] "GET /js/uikit.min.js HTTP/1.1" 304 - "http://localhost:3001/control" "Mozilla/5.0 (Macintosh; Intel Mac OS X 10_14_1) AppleWebKit/537.36 (KHTML, like Gecko) Chrome/74.0.3729.157 Safari/537.36"
::1 - - [22/May/2019:14:17:13 +0000] "GET /javascripts/vue.js HTTP/1.1" 304 - "http://localhost:3001/control" "Mozilla/5.0 (Macintosh; Intel Mac OS X 10_14_1) AppleWebKit/537.36 (KHTML, like Gecko) Chrome/74.0.3729.157 Safari/537.36"
::1 - - [22/May/2019:14:17:13 +0000] "GET /javascripts/vue-resource.js HTTP/1.1" 304 - "http://localhost:3001/control" "Mozilla/5.0 (Macintosh; Intel Mac OS X 10_14_1) AppleWebKit/537.36 (KHTML, like Gecko) Chrome/74.0.3729.157 Safari/537.36"
::1 - - [22/May/2019:14:17:13 +0000] "GET /js/components/notify.js HTTP/1.1" 304 - "http://localhost:3001/control" "Mozilla/5.0 (Macintosh; Intel Mac OS X 10_14_1) AppleWebKit/537.36 (KHTML, like Gecko) Chrome/74.0.3729.157 Safari/537.36"
::1 - - [22/May/2019:14:17:13 +0000] "GET /fonts/fontawesome-webfont.woff2 HTTP/1.1" 304 - "http://localhost:3001/css/uikit.min.css" "Mozilla/5.0 (Macintosh; Intel Mac OS X 10_14_1) AppleWebKit/537.36 (KHTML, like Gecko) Chrome/74.0.3729.157 Safari/537.36"
::1 - - [22/May/2019:14:17:13 +0000] "POST /seachAmount HTTP/1.1" 200 55 "http://localhost:3001/control" "Mozilla/5.0 (Macintosh; Intel Mac OS X 10_14_1) AppleWebKit/537.36 (KHTML, like Gecko) Chrome/74.0.3729.157 Safari/537.36"
::1 - - [22/May/2019:14:17:13 +0000] "POST /holdPositions HTTP/1.1" 200 80 "http://localhost:3001/control" "Mozilla/5.0 (Macintosh; Intel Mac OS X 10_14_1) AppleWebKit/537.36 (KHTML, like Gecko) Chrome/74.0.3729.157 Safari/537.36"
::1 - - [22/May/2019:14:17:13 +0000] "POST /getYesterdayBuyList HTTP/1.1" 200 80 "http://localhost:3001/control" "Mozilla/5.0 (Macintosh; Intel Mac OS X 10_14_1) AppleWebKit/537.36 (KHTML, like Gecko) Chrome/74.0.3729.157 Safari/537.36"
::1 - - [22/May/2019:14:17:13 +0000] "POST /history HTTP/1.1" 200 11441 "http://localhost:3001/control" "Mozilla/5.0 (Macintosh; Intel Mac OS X 10_14_1) AppleWebKit/537.36 (KHTML, like Gecko) Chrome/74.0.3729.157 Safari/537.36"
::1 - - [22/May/2019:14:21:07 +0000] "POST /amount HTTP/1.1" 200 92 "http://localhost:3001/control" "Mozilla/5.0 (Macintosh; Intel Mac OS X 10_14_1) AppleWebKit/537.36 (KHTML, like Gecko) Chrome/74.0.3729.157 Safari/537.36"
::1 - - [22/May/2019:14:22:13 +0000] "POST /amount HTTP/1.1" 200 92 "http://localhost:3001/control" "Mozilla/5.0 (Macintosh; Intel Mac OS X 10_14_1) AppleWebKit/537.36 (KHTML, like Gecko) Chrome/74.0.3729.157 Safari/537.36"
::1 - - [22/May/2019:14:24:41 +0000] "GET /control HTTP/1.1" 304 - "http://localhost:3001/" "Mozilla/5.0 (Macintosh; Intel Mac OS X 10_14_1) AppleWebKit/537.36 (KHTML, like Gecko) Chrome/74.0.3729.157 Safari/537.36"
::1 - - [22/May/2019:14:24:41 +0000] "GET /css/uikit.gradient.min.css HTTP/1.1" 304 - "http://localhost:3001/control" "Mozilla/5.0 (Macintosh; Intel Mac OS X 10_14_1) AppleWebKit/537.36 (KHTML, like Gecko) Chrome/74.0.3729.157 Safari/537.36"
::1 - - [22/May/2019:14:24:41 +0000] "GET /css/uikit.min.css HTTP/1.1" 304 - "http://localhost:3001/control" "Mozilla/5.0 (Macintosh; Intel Mac OS X 10_14_1) AppleWebKit/537.36 (KHTML, like Gecko) Chrome/74.0.3729.157 Safari/537.36"
::1 - - [22/May/2019:14:24:41 +0000] "GET /css/login.css HTTP/1.1" 304 - "http://localhost:3001/control" "Mozilla/5.0 (Macintosh; Intel Mac OS X 10_14_1) AppleWebKit/537.36 (KHTML, like Gecko) Chrome/74.0.3729.157 Safari/537.36"
::1 - - [22/May/2019:14:24:41 +0000] "GET /css/uikit.almost-flat.min.css HTTP/1.1" 304 - "http://localhost:3001/control" "Mozilla/5.0 (Macintosh; Intel Mac OS X 10_14_1) AppleWebKit/537.36 (KHTML, like Gecko) Chrome/74.0.3729.157 Safari/537.36"
::1 - - [22/May/2019:14:24:41 +0000] "GET /css/docs.css HTTP/1.1" 304 - "http://localhost:3001/control" "Mozilla/5.0 (Macintosh; Intel Mac OS X 10_14_1) AppleWebKit/537.36 (KHTML, like Gecko) Chrome/74.0.3729.157 Safari/537.36"
::1 - - [22/May/2019:14:24:41 +0000] "GET /js/jquery.js HTTP/1.1" 304 - "http://localhost:3001/control" "Mozilla/5.0 (Macintosh; Intel Mac OS X 10_14_1) AppleWebKit/537.36 (KHTML, like Gecko) Chrome/74.0.3729.157 Safari/537.36"
::1 - - [22/May/2019:14:24:41 +0000] "GET /css/currency.css HTTP/1.1" 304 - "http://localhost:3001/control" "Mozilla/5.0 (Macintosh; Intel Mac OS X 10_14_1) AppleWebKit/537.36 (KHTML, like Gecko) Chrome/74.0.3729.157 Safari/537.36"
::1 - - [22/May/2019:14:24:41 +0000] "GET /css/components/notify.css HTTP/1.1" 304 - "http://localhost:3001/control" "Mozilla/5.0 (Macintosh; Intel Mac OS X 10_14_1) AppleWebKit/537.36 (KHTML, like Gecko) Chrome/74.0.3729.157 Safari/537.36"
::1 - - [22/May/2019:14:24:41 +0000] "GET /js/uikit.min.js HTTP/1.1" 304 - "http://localhost:3001/control" "Mozilla/5.0 (Macintosh; Intel Mac OS X 10_14_1) AppleWebKit/537.36 (KHTML, like Gecko) Chrome/74.0.3729.157 Safari/537.36"
::1 - - [22/May/2019:14:24:41 +0000] "GET /javascripts/vue.js HTTP/1.1" 304 - "http://localhost:3001/control" "Mozilla/5.0 (Macintosh; Intel Mac OS X 10_14_1) AppleWebKit/537.36 (KHTML, like Gecko) Chrome/74.0.3729.157 Safari/537.36"
::1 - - [22/May/2019:14:24:41 +0000] "GET /js/components/notify.js HTTP/1.1" 304 - "http://localhost:3001/control" "Mozilla/5.0 (Macintosh; Intel Mac OS X 10_14_1) AppleWebKit/537.36 (KHTML, like Gecko) Chrome/74.0.3729.157 Safari/537.36"
::1 - - [22/May/2019:14:24:41 +0000] "GET /javascripts/vue-resource.js HTTP/1.1" 304 - "http://localhost:3001/control" "Mozilla/5.0 (Macintosh; Intel Mac OS X 10_14_1) AppleWebKit/537.36 (KHTML, like Gecko) Chrome/74.0.3729.157 Safari/537.36"
::1 - - [22/May/2019:14:24:41 +0000] "POST /seachAmount HTTP/1.1" 200 46 "http://localhost:3001/control" "Mozilla/5.0 (Macintosh; Intel Mac OS X 10_14_1) AppleWebKit/537.36 (KHTML, like Gecko) Chrome/74.0.3729.157 Safari/537.36"
::1 - - [22/May/2019:14:24:41 +0000] "POST /history HTTP/1.1" 200 11441 "http://localhost:3001/control" "Mozilla/5.0 (Macintosh; Intel Mac OS X 10_14_1) AppleWebKit/537.36 (KHTML, like Gecko) Chrome/74.0.3729.157 Safari/537.36"
::1 - - [22/May/2019:14:24:41 +0000] "POST /getYesterdayBuyList HTTP/1.1" 200 80 "http://localhost:3001/control" "Mozilla/5.0 (Macintosh; Intel Mac OS X 10_14_1) AppleWebKit/537.36 (KHTML, like Gecko) Chrome/74.0.3729.157 Safari/537.36"
::1 - - [22/May/2019:14:24:41 +0000] "POST /holdPositions HTTP/1.1" 200 80 "http://localhost:3001/control" "Mozilla/5.0 (Macintosh; Intel Mac OS X 10_14_1) AppleWebKit/537.36 (KHTML, like Gecko) Chrome/74.0.3729.157 Safari/537.36"
::1 - - [22/May/2019:14:24:41 +0000] "GET /fonts/fontawesome-webfont.woff2 HTTP/1.1" 304 - "http://localhost:3001/css/uikit.min.css" "Mozilla/5.0 (Macintosh; Intel Mac OS X 10_14_1) AppleWebKit/537.36 (KHTML, like Gecko) Chrome/74.0.3729.157 Safari/537.36"
::1 - - [22/May/2019:14:24:47 +0000] "POST /amount HTTP/1.1" 200 94 "http://localhost:3001/control" "Mozilla/5.0 (Macintosh; Intel Mac OS X 10_14_1) AppleWebKit/537.36 (KHTML, like Gecko) Chrome/74.0.3729.157 Safari/537.36"
::1 - - [22/May/2019:14:27:10 +0000] "POST /amount HTTP/1.1" 200 94 "http://localhost:3001/control" "Mozilla/5.0 (Macintosh; Intel Mac OS X 10_14_1) AppleWebKit/537.36 (KHTML, like Gecko) Chrome/74.0.3729.157 Safari/537.36"
::1 - - [22/May/2019:14:30:54 +0000] "GET /favicon.ico HTTP/1.1" 404 1184 "http://localhost:3001/control" "Mozilla/5.0 (Macintosh; Intel Mac OS X 10_14_1) AppleWebKit/537.36 (KHTML, like Gecko) Chrome/74.0.3729.157 Safari/537.36"
::1 - - [22/May/2019:14:31:26 +0000] "GET /control HTTP/1.1" 304 - "http://localhost:3001/" "Mozilla/5.0 (Macintosh; Intel Mac OS X 10_14_1) AppleWebKit/537.36 (KHTML, like Gecko) Chrome/74.0.3729.157 Safari/537.36"
::1 - - [22/May/2019:14:31:26 +0000] "GET /css/uikit.min.css HTTP/1.1" 304 - "http://localhost:3001/control" "Mozilla/5.0 (Macintosh; Intel Mac OS X 10_14_1) AppleWebKit/537.36 (KHTML, like Gecko) Chrome/74.0.3729.157 Safari/537.36"
::1 - - [22/May/2019:14:31:26 +0000] "GET /css/docs.css HTTP/1.1" 304 - "http://localhost:3001/control" "Mozilla/5.0 (Macintosh; Intel Mac OS X 10_14_1) AppleWebKit/537.36 (KHTML, like Gecko) Chrome/74.0.3729.157 Safari/537.36"
::1 - - [22/May/2019:14:31:26 +0000] "GET /css/login.css HTTP/1.1" 304 - "http://localhost:3001/control" "Mozilla/5.0 (Macintosh; Intel Mac OS X 10_14_1) AppleWebKit/537.36 (KHTML, like Gecko) Chrome/74.0.3729.157 Safari/537.36"
::1 - - [22/May/2019:14:31:26 +0000] "GET /css/currency.css HTTP/1.1" 304 - "http://localhost:3001/control" "Mozilla/5.0 (Macintosh; Intel Mac OS X 10_14_1) AppleWebKit/537.36 (KHTML, like Gecko) Chrome/74.0.3729.157 Safari/537.36"
::1 - - [22/May/2019:14:31:26 +0000] "GET /css/components/notify.css HTTP/1.1" 304 - "http://localhost:3001/control" "Mozilla/5.0 (Macintosh; Intel Mac OS X 10_14_1) AppleWebKit/537.36 (KHTML, like Gecko) Chrome/74.0.3729.157 Safari/537.36"
::1 - - [22/May/2019:14:31:26 +0000] "GET /js/jquery.js HTTP/1.1" 304 - "http://localhost:3001/control" "Mozilla/5.0 (Macintosh; Intel Mac OS X 10_14_1) AppleWebKit/537.36 (KHTML, like Gecko) Chrome/74.0.3729.157 Safari/537.36"
::1 - - [22/May/2019:14:31:26 +0000] "GET /js/components/notify.js HTTP/1.1" 304 - "http://localhost:3001/control" "Mozilla/5.0 (Macintosh; Intel Mac OS X 10_14_1) AppleWebKit/537.36 (KHTML, like Gecko) Chrome/74.0.3729.157 Safari/537.36"
::1 - - [22/May/2019:14:31:26 +0000] "GET /js/uikit.min.js HTTP/1.1" 304 - "http://localhost:3001/control" "Mozilla/5.0 (Macintosh; Intel Mac OS X 10_14_1) AppleWebKit/537.36 (KHTML, like Gecko) Chrome/74.0.3729.157 Safari/537.36"
::1 - - [22/May/2019:14:31:26 +0000] "GET /css/uikit.almost-flat.min.css HTTP/1.1" 304 - "http://localhost:3001/control" "Mozilla/5.0 (Macintosh; Intel Mac OS X 10_14_1) AppleWebKit/537.36 (KHTML, like Gecko) Chrome/74.0.3729.157 Safari/537.36"
::1 - - [22/May/2019:14:31:26 +0000] "GET /javascripts/vue.js HTTP/1.1" 304 - "http://localhost:3001/control" "Mozilla/5.0 (Macintosh; Intel Mac OS X 10_14_1) AppleWebKit/537.36 (KHTML, like Gecko) Chrome/74.0.3729.157 Safari/537.36"
::1 - - [22/May/2019:14:31:26 +0000] "GET /javascripts/vue-resource.js HTTP/1.1" 304 - "http://localhost:3001/control" "Mozilla/5.0 (Macintosh; Intel Mac OS X 10_14_1) AppleWebKit/537.36 (KHTML, like Gecko) Chrome/74.0.3729.157 Safari/537.36"
::1 - - [22/May/2019:14:31:26 +0000] "GET /css/uikit.gradient.min.css HTTP/1.1" 304 - "http://localhost:3001/control" "Mozilla/5.0 (Macintosh; Intel Mac OS X 10_14_1) AppleWebKit/537.36 (KHTML, like Gecko) Chrome/74.0.3729.157 Safari/537.36"
::1 - - [22/May/2019:14:31:27 +0000] "GET /fonts/fontawesome-webfont.woff2 HTTP/1.1" 304 - "http://localhost:3001/css/uikit.min.css" "Mozilla/5.0 (Macintosh; Intel Mac OS X 10_14_1) AppleWebKit/537.36 (KHTML, like Gecko) Chrome/74.0.3729.157 Safari/537.36"
::1 - - [22/May/2019:14:31:27 +0000] "POST /seachAmount HTTP/1.1" 200 46 "http://localhost:3001/control" "Mozilla/5.0 (Macintosh; Intel Mac OS X 10_14_1) AppleWebKit/537.36 (KHTML, like Gecko) Chrome/74.0.3729.157 Safari/537.36"
::1 - - [22/May/2019:14:31:28 +0000] "POST /getYesterdayBuyList HTTP/1.1" 200 80 "http://localhost:3001/control" "Mozilla/5.0 (Macintosh; Intel Mac OS X 10_14_1) AppleWebKit/537.36 (KHTML, like Gecko) Chrome/74.0.3729.157 Safari/537.36"
::1 - - [22/May/2019:14:31:28 +0000] "POST /holdPositions HTTP/1.1" 200 80 "http://localhost:3001/control" "Mozilla/5.0 (Macintosh; Intel Mac OS X 10_14_1) AppleWebKit/537.36 (KHTML, like Gecko) Chrome/74.0.3729.157 Safari/537.36"
::1 - - [22/May/2019:14:31:28 +0000] "POST /history HTTP/1.1" 200 11441 "http://localhost:3001/control" "Mozilla/5.0 (Macintosh; Intel Mac OS X 10_14_1) AppleWebKit/537.36 (KHTML, like Gecko) Chrome/74.0.3729.157 Safari/537.36"
::1 - - [22/May/2019:14:31:33 +0000] "GET /css/uikit.min.css HTTP/1.1" 304 - "http://localhost:3001/control" "Mozilla/5.0 (Macintosh; Intel Mac OS X 10_14_1) AppleWebKit/537.36 (KHTML, like Gecko) Chrome/74.0.3729.157 Safari/537.36"
::1 - - [22/May/2019:14:31:33 +0000] "GET /css/uikit.gradient.min.css HTTP/1.1" 304 - "http://localhost:3001/control" "Mozilla/5.0 (Macintosh; Intel Mac OS X 10_14_1) AppleWebKit/537.36 (KHTML, like Gecko) Chrome/74.0.3729.157 Safari/537.36"
::1 - - [22/May/2019:14:31:33 +0000] "GET /css/uikit.almost-flat.min.css HTTP/1.1" 304 - "http://localhost:3001/control" "Mozilla/5.0 (Macintosh; Intel Mac OS X 10_14_1) AppleWebKit/537.36 (KHTML, like Gecko) Chrome/74.0.3729.157 Safari/537.36"
::1 - - [22/May/2019:14:31:33 +0000] "GET /css/docs.css HTTP/1.1" 304 - "http://localhost:3001/control" "Mozilla/5.0 (Macintosh; Intel Mac OS X 10_14_1) AppleWebKit/537.36 (KHTML, like Gecko) Chrome/74.0.3729.157 Safari/537.36"
::1 - - [22/May/2019:14:31:33 +0000] "GET /css/currency.css HTTP/1.1" 304 - "http://localhost:3001/control" "Mozilla/5.0 (Macintosh; Intel Mac OS X 10_14_1) AppleWebKit/537.36 (KHTML, like Gecko) Chrome/74.0.3729.157 Safari/537.36"
::1 - - [22/May/2019:14:31:33 +0000] "GET /css/components/notify.css HTTP/1.1" 304 - "http://localhost:3001/control" "Mozilla/5.0 (Macintosh; Intel Mac OS X 10_14_1) AppleWebKit/537.36 (KHTML, like Gecko) Chrome/74.0.3729.157 Safari/537.36"
::1 - - [22/May/2019:14:31:33 +0000] "GET /css/login.css HTTP/1.1" 304 - "http://localhost:3001/control" "Mozilla/5.0 (Macintosh; Intel Mac OS X 10_14_1) AppleWebKit/537.36 (KHTML, like Gecko) Chrome/74.0.3729.157 Safari/537.36"
::1 - - [22/May/2019:14:31:43 +0000] "POST /amount HTTP/1.1" 200 98 "http://localhost:3001/control" "Mozilla/5.0 (Macintosh; Intel Mac OS X 10_14_1) AppleWebKit/537.36 (KHTML, like Gecko) Chrome/74.0.3729.157 Safari/537.36"
::1 - - [22/May/2019:14:31:49 +0000] "POST /amount HTTP/1.1" 200 83 "http://localhost:3001/control" "Mozilla/5.0 (Macintosh; Intel Mac OS X 10_14_1) AppleWebKit/537.36 (KHTML, like Gecko) Chrome/74.0.3729.157 Safari/537.36"
::1 - - [22/May/2019:14:32:43 +0000] "POST /amount HTTP/1.1" 200 83 "http://localhost:3001/control" "Mozilla/5.0 (Macintosh; Intel Mac OS X 10_14_1) AppleWebKit/537.36 (KHTML, like Gecko) Chrome/74.0.3729.157 Safari/537.36"
::1 - - [22/May/2019:14:33:58 +0000] "POST /amount HTTP/1.1" 200 83 "http://localhost:3001/control" "Mozilla/5.0 (Macintosh; Intel Mac OS X 10_14_1) AppleWebKit/537.36 (KHTML, like Gecko) Chrome/74.0.3729.157 Safari/537.36"
::1 - - [22/May/2019:14:34:32 +0000] "POST /amount HTTP/1.1" 200 83 "http://localhost:3001/control" "Mozilla/5.0 (Macintosh; Intel Mac OS X 10_14_1) AppleWebKit/537.36 (KHTML, like Gecko) Chrome/74.0.3729.157 Safari/537.36"
::1 - - [22/May/2019:14:35:38 +0000] "POST /amount HTTP/1.1" 200 83 "http://localhost:3001/control" "Mozilla/5.0 (Macintosh; Intel Mac OS X 10_14_1) AppleWebKit/537.36 (KHTML, like Gecko) Chrome/74.0.3729.157 Safari/537.36"
::1 - - [22/May/2019:14:37:11 +0000] "POST /amount HTTP/1.1" 200 83 "http://localhost:3001/control" "Mozilla/5.0 (Macintosh; Intel Mac OS X 10_14_1) AppleWebKit/537.36 (KHTML, like Gecko) Chrome/74.0.3729.157 Safari/537.36"
::1 - - [22/May/2019:14:39:13 +0000] "POST /start HTTP/1.1" - - "http://localhost:3001/control" "Mozilla/5.0 (Macintosh; Intel Mac OS X 10_14_1) AppleWebKit/537.36 (KHTML, like Gecko) Chrome/74.0.3729.157 Safari/537.36"
::1 - - [22/May/2019:14:41:58 +0000] "POST /start HTTP/1.1" 200 86 "http://localhost:3001/control" "Mozilla/5.0 (Macintosh; Intel Mac OS X 10_14_1) AppleWebKit/537.36 (KHTML, like Gecko) Chrome/74.0.3729.157 Safari/537.36"
::1 - - [22/May/2019:14:42:13 +0000] "POST /start HTTP/1.1" 200 86 "http://localhost:3001/control" "Mozilla/5.0 (Macintosh; Intel Mac OS X 10_14_1) AppleWebKit/537.36 (KHTML, like Gecko) Chrome/74.0.3729.157 Safari/537.36"
::1 - - [22/May/2019:14:42:16 +0000] "POST /amount HTTP/1.1" 200 83 "http://localhost:3001/control" "Mozilla/5.0 (Macintosh; Intel Mac OS X 10_14_1) AppleWebKit/537.36 (KHTML, like Gecko) Chrome/74.0.3729.157 Safari/537.36"
::1 - - [22/May/2019:14:43:01 +0000] "POST /amount HTTP/1.1" 200 83 "http://localhost:3001/control" "Mozilla/5.0 (Macintosh; Intel Mac OS X 10_14_1) AppleWebKit/537.36 (KHTML, like Gecko) Chrome/74.0.3729.157 Safari/537.36"
::1 - - [22/May/2019:14:44:13 +0000] "GET /control HTTP/1.1" 304 - "http://localhost:3001/" "Mozilla/5.0 (Macintosh; Intel Mac OS X 10_14_1) AppleWebKit/537.36 (KHTML, like Gecko) Chrome/74.0.3729.157 Safari/537.36"
::1 - - [22/May/2019:14:44:13 +0000] "POST /start HTTP/1.1" - - "http://localhost:3001/control" "Mozilla/5.0 (Macintosh; Intel Mac OS X 10_14_1) AppleWebKit/537.36 (KHTML, like Gecko) Chrome/74.0.3729.157 Safari/537.36"
::1 - - [22/May/2019:14:44:13 +0000] "POST /start HTTP/1.1" - - "http://localhost:3001/control" "Mozilla/5.0 (Macintosh; Intel Mac OS X 10_14_1) AppleWebKit/537.36 (KHTML, like Gecko) Chrome/74.0.3729.157 Safari/537.36"
::1 - - [22/May/2019:14:44:14 +0000] "GET /css/uikit.min.css HTTP/1.1" 304 - "http://localhost:3001/control" "Mozilla/5.0 (Macintosh; Intel Mac OS X 10_14_1) AppleWebKit/537.36 (KHTML, like Gecko) Chrome/74.0.3729.157 Safari/537.36"
::1 - - [22/May/2019:14:44:14 +0000] "GET /css/uikit.gradient.min.css HTTP/1.1" 304 - "http://localhost:3001/control" "Mozilla/5.0 (Macintosh; Intel Mac OS X 10_14_1) AppleWebKit/537.36 (KHTML, like Gecko) Chrome/74.0.3729.157 Safari/537.36"
::1 - - [22/May/2019:14:44:14 +0000] "GET /css/uikit.almost-flat.min.css HTTP/1.1" 304 - "http://localhost:3001/control" "Mozilla/5.0 (Macintosh; Intel Mac OS X 10_14_1) AppleWebKit/537.36 (KHTML, like Gecko) Chrome/74.0.3729.157 Safari/537.36"
::1 - - [22/May/2019:14:44:14 +0000] "GET /css/docs.css HTTP/1.1" 304 - "http://localhost:3001/control" "Mozilla/5.0 (Macintosh; Intel Mac OS X 10_14_1) AppleWebKit/537.36 (KHTML, like Gecko) Chrome/74.0.3729.157 Safari/537.36"
::1 - - [22/May/2019:14:44:14 +0000] "GET /css/login.css HTTP/1.1" 304 - "http://localhost:3001/control" "Mozilla/5.0 (Macintosh; Intel Mac OS X 10_14_1) AppleWebKit/537.36 (KHTML, like Gecko) Chrome/74.0.3729.157 Safari/537.36"
::1 - - [22/May/2019:14:44:14 +0000] "GET /js/uikit.min.js HTTP/1.1" 304 - "http://localhost:3001/control" "Mozilla/5.0 (Macintosh; Intel Mac OS X 10_14_1) AppleWebKit/537.36 (KHTML, like Gecko) Chrome/74.0.3729.157 Safari/537.36"
::1 - - [22/May/2019:14:44:14 +0000] "GET /js/jquery.js HTTP/1.1" 304 - "http://localhost:3001/control" "Mozilla/5.0 (Macintosh; Intel Mac OS X 10_14_1) AppleWebKit/537.36 (KHTML, like Gecko) Chrome/74.0.3729.157 Safari/537.36"
::1 - - [22/May/2019:14:44:14 +0000] "GET /css/currency.css HTTP/1.1" 304 - "http://localhost:3001/control" "Mozilla/5.0 (Macintosh; Intel Mac OS X 10_14_1) AppleWebKit/537.36 (KHTML, like Gecko) Chrome/74.0.3729.157 Safari/537.36"
::1 - - [22/May/2019:14:44:14 +0000] "GET /css/components/notify.css HTTP/1.1" 304 - "http://localhost:3001/control" "Mozilla/5.0 (Macintosh; Intel Mac OS X 10_14_1) AppleWebKit/537.36 (KHTML, like Gecko) Chrome/74.0.3729.157 Safari/537.36"
::1 - - [22/May/2019:14:44:14 +0000] "GET /javascripts/vue.js HTTP/1.1" 304 - "http://localhost:3001/control" "Mozilla/5.0 (Macintosh; Intel Mac OS X 10_14_1) AppleWebKit/537.36 (KHTML, like Gecko) Chrome/74.0.3729.157 Safari/537.36"
::1 - - [22/May/2019:14:44:14 +0000] "GET /js/components/notify.js HTTP/1.1" 304 - "http://localhost:3001/control" "Mozilla/5.0 (Macintosh; Intel Mac OS X 10_14_1) AppleWebKit/537.36 (KHTML, like Gecko) Chrome/74.0.3729.157 Safari/537.36"
::1 - - [22/May/2019:14:44:14 +0000] "GET /javascripts/vue-resource.js HTTP/1.1" 304 - "http://localhost:3001/control" "Mozilla/5.0 (Macintosh; Intel Mac OS X 10_14_1) AppleWebKit/537.36 (KHTML, like Gecko) Chrome/74.0.3729.157 Safari/537.36"
::1 - - [22/May/2019:14:44:14 +0000] "GET /fonts/fontawesome-webfont.woff2 HTTP/1.1" 304 - "http://localhost:3001/css/uikit.min.css" "Mozilla/5.0 (Macintosh; Intel Mac OS X 10_14_1) AppleWebKit/537.36 (KHTML, like Gecko) Chrome/74.0.3729.157 Safari/537.36"
::1 - - [22/May/2019:14:44:14 +0000] "POST /seachAmount HTTP/1.1" 200 58 "http://localhost:3001/control" "Mozilla/5.0 (Macintosh; Intel Mac OS X 10_14_1) AppleWebKit/537.36 (KHTML, like Gecko) Chrome/74.0.3729.157 Safari/537.36"
::1 - - [22/May/2019:14:44:14 +0000] "POST /history HTTP/1.1" 200 11441 "http://localhost:3001/control" "Mozilla/5.0 (Macintosh; Intel Mac OS X 10_14_1) AppleWebKit/537.36 (KHTML, like Gecko) Chrome/74.0.3729.157 Safari/537.36"
::1 - - [22/May/2019:14:44:14 +0000] "POST /holdPositions HTTP/1.1" 200 80 "http://localhost:3001/control" "Mozilla/5.0 (Macintosh; Intel Mac OS X 10_14_1) AppleWebKit/537.36 (KHTML, like Gecko) Chrome/74.0.3729.157 Safari/537.36"
::1 - - [22/May/2019:14:44:14 +0000] "POST /getYesterdayBuyList HTTP/1.1" 200 80 "http://localhost:3001/control" "Mozilla/5.0 (Macintosh; Intel Mac OS X 10_14_1) AppleWebKit/537.36 (KHTML, like Gecko) Chrome/74.0.3729.157 Safari/537.36"
::1 - - [22/May/2019:14:44:16 +0000] "POST /amount HTTP/1.1" 200 71 "http://localhost:3001/control" "Mozilla/5.0 (Macintosh; Intel Mac OS X 10_14_1) AppleWebKit/537.36 (KHTML, like Gecko) Chrome/74.0.3729.157 Safari/537.36"
::1 - - [22/May/2019:14:44:19 +0000] "POST /amount HTTP/1.1" 200 95 "http://localhost:3001/control" "Mozilla/5.0 (Macintosh; Intel Mac OS X 10_14_1) AppleWebKit/537.36 (KHTML, like Gecko) Chrome/74.0.3729.157 Safari/537.36"
::1 - - [22/May/2019:14:44:22 +0000] "POST /start HTTP/1.1" 200 86 "http://localhost:3001/control" "Mozilla/5.0 (Macintosh; Intel Mac OS X 10_14_1) AppleWebKit/537.36 (KHTML, like Gecko) Chrome/74.0.3729.157 Safari/537.36"
::1 - - [22/May/2019:14:46:42 +0000] "POST /amount HTTP/1.1" 200 95 "http://localhost:3001/control" "Mozilla/5.0 (Macintosh; Intel Mac OS X 10_14_1) AppleWebKit/537.36 (KHTML, like Gecko) Chrome/74.0.3729.157 Safari/537.36"
::1 - - [22/May/2019:14:46:48 +0000] "POST /start HTTP/1.1" 200 86 "http://localhost:3001/control" "Mozilla/5.0 (Macintosh; Intel Mac OS X 10_14_1) AppleWebKit/537.36 (KHTML, like Gecko) Chrome/74.0.3729.157 Safari/537.36"
::1 - - [22/May/2019:14:46:57 +0000] "POST /amount HTTP/1.1" 200 83 "http://localhost:3001/control" "Mozilla/5.0 (Macintosh; Intel Mac OS X 10_14_1) AppleWebKit/537.36 (KHTML, like Gecko) Chrome/74.0.3729.157 Safari/537.36"
::1 - - [22/May/2019:14:49:03 +0000] "POST /start HTTP/1.1" - - "http://localhost:3001/control" "Mozilla/5.0 (Macintosh; Intel Mac OS X 10_14_1) AppleWebKit/537.36 (KHTML, like Gecko) Chrome/74.0.3729.157 Safari/537.36"
::1 - - [22/May/2019:14:49:44 +0000] "POST /amount HTTP/1.1" 200 83 "http://localhost:3001/control" "Mozilla/5.0 (Macintosh; Intel Mac OS X 10_14_1) AppleWebKit/537.36 (KHTML, like Gecko) Chrome/74.0.3729.157 Safari/537.36"
::1 - - [22/May/2019:14:50:51 +0000] "GET /control HTTP/1.1" 304 - "http://localhost:3001/" "Mozilla/5.0 (Macintosh; Intel Mac OS X 10_14_1) AppleWebKit/537.36 (KHTML, like Gecko) Chrome/74.0.3729.157 Safari/537.36"
::1 - - [22/May/2019:14:50:52 +0000] "GET /css/uikit.min.css HTTP/1.1" 304 - "http://localhost:3001/control" "Mozilla/5.0 (Macintosh; Intel Mac OS X 10_14_1) AppleWebKit/537.36 (KHTML, like Gecko) Chrome/74.0.3729.157 Safari/537.36"
::1 - - [22/May/2019:14:50:52 +0000] "GET /css/uikit.gradient.min.css HTTP/1.1" 304 - "http://localhost:3001/control" "Mozilla/5.0 (Macintosh; Intel Mac OS X 10_14_1) AppleWebKit/537.36 (KHTML, like Gecko) Chrome/74.0.3729.157 Safari/537.36"
::1 - - [22/May/2019:14:50:52 +0000] "GET /css/uikit.almost-flat.min.css HTTP/1.1" 304 - "http://localhost:3001/control" "Mozilla/5.0 (Macintosh; Intel Mac OS X 10_14_1) AppleWebKit/537.36 (KHTML, like Gecko) Chrome/74.0.3729.157 Safari/537.36"
::1 - - [22/May/2019:14:50:52 +0000] "GET /css/docs.css HTTP/1.1" 304 - "http://localhost:3001/control" "Mozilla/5.0 (Macintosh; Intel Mac OS X 10_14_1) AppleWebKit/537.36 (KHTML, like Gecko) Chrome/74.0.3729.157 Safari/537.36"
::1 - - [22/May/2019:14:50:52 +0000] "GET /css/currency.css HTTP/1.1" 304 - "http://localhost:3001/control" "Mozilla/5.0 (Macintosh; Intel Mac OS X 10_14_1) AppleWebKit/537.36 (KHTML, like Gecko) Chrome/74.0.3729.157 Safari/537.36"
::1 - - [22/May/2019:14:50:52 +0000] "GET /css/components/notify.css HTTP/1.1" 304 - "http://localhost:3001/control" "Mozilla/5.0 (Macintosh; Intel Mac OS X 10_14_1) AppleWebKit/537.36 (KHTML, like Gecko) Chrome/74.0.3729.157 Safari/537.36"
::1 - - [22/May/2019:14:50:52 +0000] "GET /css/login.css HTTP/1.1" 304 - "http://localhost:3001/control" "Mozilla/5.0 (Macintosh; Intel Mac OS X 10_14_1) AppleWebKit/537.36 (KHTML, like Gecko) Chrome/74.0.3729.157 Safari/537.36"
::1 - - [22/May/2019:14:50:52 +0000] "GET /js/uikit.min.js HTTP/1.1" 304 - "http://localhost:3001/control" "Mozilla/5.0 (Macintosh; Intel Mac OS X 10_14_1) AppleWebKit/537.36 (KHTML, like Gecko) Chrome/74.0.3729.157 Safari/537.36"
::1 - - [22/May/2019:14:50:52 +0000] "GET /js/jquery.js HTTP/1.1" 304 - "http://localhost:3001/control" "Mozilla/5.0 (Macintosh; Intel Mac OS X 10_14_1) AppleWebKit/537.36 (KHTML, like Gecko) Chrome/74.0.3729.157 Safari/537.36"
::1 - - [22/May/2019:14:50:52 +0000] "GET /javascripts/vue.js HTTP/1.1" 304 - "http://localhost:3001/control" "Mozilla/5.0 (Macintosh; Intel Mac OS X 10_14_1) AppleWebKit/537.36 (KHTML, like Gecko) Chrome/74.0.3729.157 Safari/537.36"
::1 - - [22/May/2019:14:50:52 +0000] "GET /js/components/notify.js HTTP/1.1" 304 - "http://localhost:3001/control" "Mozilla/5.0 (Macintosh; Intel Mac OS X 10_14_1) AppleWebKit/537.36 (KHTML, like Gecko) Chrome/74.0.3729.157 Safari/537.36"
::1 - - [22/May/2019:14:50:52 +0000] "GET /javascripts/vue-resource.js HTTP/1.1" 304 - "http://localhost:3001/control" "Mozilla/5.0 (Macintosh; Intel Mac OS X 10_14_1) AppleWebKit/537.36 (KHTML, like Gecko) Chrome/74.0.3729.157 Safari/537.36"
::1 - - [22/May/2019:14:50:53 +0000] "GET /fonts/fontawesome-webfont.woff2 HTTP/1.1" 304 - "http://localhost:3001/css/uikit.min.css" "Mozilla/5.0 (Macintosh; Intel Mac OS X 10_14_1) AppleWebKit/537.36 (KHTML, like Gecko) Chrome/74.0.3729.157 Safari/537.36"
::1 - - [22/May/2019:14:50:53 +0000] "POST /seachAmount HTTP/1.1" 200 46 "http://localhost:3001/control" "Mozilla/5.0 (Macintosh; Intel Mac OS X 10_14_1) AppleWebKit/537.36 (KHTML, like Gecko) Chrome/74.0.3729.157 Safari/537.36"
::1 - - [22/May/2019:14:50:53 +0000] "POST /holdPositions HTTP/1.1" 200 80 "http://localhost:3001/control" "Mozilla/5.0 (Macintosh; Intel Mac OS X 10_14_1) AppleWebKit/537.36 (KHTML, like Gecko) Chrome/74.0.3729.157 Safari/537.36"
::1 - - [22/May/2019:14:50:53 +0000] "POST /getYesterdayBuyList HTTP/1.1" 200 80 "http://localhost:3001/control" "Mozilla/5.0 (Macintosh; Intel Mac OS X 10_14_1) AppleWebKit/537.36 (KHTML, like Gecko) Chrome/74.0.3729.157 Safari/537.36"
::1 - - [22/May/2019:14:50:53 +0000] "POST /history HTTP/1.1" 200 11441 "http://localhost:3001/control" "Mozilla/5.0 (Macintosh; Intel Mac OS X 10_14_1) AppleWebKit/537.36 (KHTML, like Gecko) Chrome/74.0.3729.157 Safari/537.36"
::1 - - [22/May/2019:14:51:24 +0000] "POST /amount HTTP/1.1" 200 81 "http://localhost:3001/control" "Mozilla/5.0 (Macintosh; Intel Mac OS X 10_14_1) AppleWebKit/537.36 (KHTML, like Gecko) Chrome/74.0.3729.157 Safari/537.36"
::1 - - [22/May/2019:14:53:26 +0000] "POST /start HTTP/1.1" - - "http://localhost:3001/control" "Mozilla/5.0 (Macintosh; Intel Mac OS X 10_14_1) AppleWebKit/537.36 (KHTML, like Gecko) Chrome/74.0.3729.157 Safari/537.36"
::1 - - [22/May/2019:14:53:50 +0000] "POST /amount HTTP/1.1" 200 81 "http://localhost:3001/control" "Mozilla/5.0 (Macintosh; Intel Mac OS X 10_14_1) AppleWebKit/537.36 (KHTML, like Gecko) Chrome/74.0.3729.157 Safari/537.36"
::1 - - [22/May/2019:14:54:51 +0000] "POST /amount HTTP/1.1" 200 81 "http://localhost:3001/control" "Mozilla/5.0 (Macintosh; Intel Mac OS X 10_14_1) AppleWebKit/537.36 (KHTML, like Gecko) Chrome/74.0.3729.157 Safari/537.36"
::1 - - [22/May/2019:14:55:19 +0000] "POST /amount HTTP/1.1" 200 81 "http://localhost:3001/control" "Mozilla/5.0 (Macintosh; Intel Mac OS X 10_14_1) AppleWebKit/537.36 (KHTML, like Gecko) Chrome/74.0.3729.157 Safari/537.36"
::1 - - [22/May/2019:14:56:47 +0000] "POST /amount HTTP/1.1" 200 81 "http://localhost:3001/control" "Mozilla/5.0 (Macintosh; Intel Mac OS X 10_14_1) AppleWebKit/537.36 (KHTML, like Gecko) Chrome/74.0.3729.157 Safari/537.36"
::1 - - [22/May/2019:14:58:50 +0000] "POST /start HTTP/1.1" - - "http://localhost:3001/control" "Mozilla/5.0 (Macintosh; Intel Mac OS X 10_14_1) AppleWebKit/537.36 (KHTML, like Gecko) Chrome/74.0.3729.157 Safari/537.36"
::1 - - [22/May/2019:14:59:48 +0000] "POST /amount HTTP/1.1" 200 81 "http://localhost:3001/control" "Mozilla/5.0 (Macintosh; Intel Mac OS X 10_14_1) AppleWebKit/537.36 (KHTML, like Gecko) Chrome/74.0.3729.157 Safari/537.36"
